{"C:\\Users\\sagar\\Revature\\Foundations_Project\\src\\config.js": {"path":"C:\\Users\\sagar\\Revature\\Foundations_Project\\src\\config.js","statementMap":{"0":{"start":{"line":1,"column":0},"end":{"line":1,"column":27}},"1":{"start":{"line":3,"column":19},"end":{"line":3,"column":57}},"2":{"start":{"line":4,"column":13},"end":{"line":4,"column":38}},"3":{"start":{"line":5,"column":27},"end":{"line":5,"column":67}},"4":{"start":{"line":7,"column":0},"end":{"line":7,"column":57}}},"fnMap":{},"branchMap":{"0":{"loc":{"start":{"line":3,"column":19},"end":{"line":3,"column":57}},"type":"binary-expr","locations":[{"start":{"line":3,"column":19},"end":{"line":3,"column":41}},{"start":{"line":3,"column":45},"end":{"line":3,"column":57}}],"line":3},"1":{"loc":{"start":{"line":4,"column":13},"end":{"line":4,"column":38}},"type":"binary-expr","locations":[{"start":{"line":4,"column":13},"end":{"line":4,"column":30}},{"start":{"line":4,"column":34},"end":{"line":4,"column":38}}],"line":4},"2":{"loc":{"start":{"line":5,"column":27},"end":{"line":5,"column":67}},"type":"cond-expr","locations":[{"start":{"line":5,"column":61},"end":{"line":5,"column":62}},{"start":{"line":5,"column":65},"end":{"line":5,"column":67}}],"line":5}},"s":{"0":2,"1":2,"2":2,"3":2,"4":2},"f":{},"b":{"0":[2,2],"1":[2,2],"2":[2,0]},"_coverageSchema":"1a1c01bbd47fc00a2c39e90264f33305004495a9","hash":"3976a2752cb47826fe1688b7491d097a90002fd6"}
,"C:\\Users\\sagar\\Revature\\Foundations_Project\\src\\repository\\ticketDAO.js": {"path":"C:\\Users\\sagar\\Revature\\Foundations_Project\\src\\repository\\ticketDAO.js","statementMap":{"0":{"start":{"line":1,"column":27},"end":{"line":1,"column":62}},"1":{"start":{"line":10,"column":4},"end":{"line":10,"column":36}},"2":{"start":{"line":11,"column":15},"end":{"line":11,"column":40}},"3":{"start":{"line":13,"column":0},"end":{"line":13,"column":27}},"4":{"start":{"line":15,"column":23},"end":{"line":21,"column":2}},"5":{"start":{"line":23,"column":23},"end":{"line":23,"column":66}},"6":{"start":{"line":24,"column":18},"end":{"line":24,"column":39}},"7":{"start":{"line":26,"column":20},"end":{"line":44,"column":1}},"8":{"start":{"line":27,"column":20},"end":{"line":35,"column":6}},"9":{"start":{"line":37,"column":4},"end":{"line":43,"column":5}},"10":{"start":{"line":38,"column":21},"end":{"line":38,"column":55}},"11":{"start":{"line":39,"column":8},"end":{"line":39,"column":37}},"12":{"start":{"line":41,"column":8},"end":{"line":41,"column":28}},"13":{"start":{"line":42,"column":8},"end":{"line":42,"column":20}},"14":{"start":{"line":46,"column":21},"end":{"line":76,"column":1}},"15":{"start":{"line":47,"column":20},"end":{"line":67,"column":6}},"16":{"start":{"line":69,"column":4},"end":{"line":75,"column":5}},"17":{"start":{"line":70,"column":21},"end":{"line":70,"column":55}},"18":{"start":{"line":71,"column":8},"end":{"line":71,"column":39}},"19":{"start":{"line":73,"column":8},"end":{"line":73,"column":28}},"20":{"start":{"line":74,"column":8},"end":{"line":74,"column":20}},"21":{"start":{"line":78,"column":21},"end":{"line":103,"column":1}},"22":{"start":{"line":79,"column":20},"end":{"line":94,"column":6}},"23":{"start":{"line":96,"column":4},"end":{"line":102,"column":5}},"24":{"start":{"line":97,"column":21},"end":{"line":97,"column":55}},"25":{"start":{"line":98,"column":8},"end":{"line":98,"column":42}},"26":{"start":{"line":100,"column":8},"end":{"line":100,"column":28}},"27":{"start":{"line":101,"column":8},"end":{"line":101,"column":20}},"28":{"start":{"line":105,"column":27},"end":{"line":121,"column":1}},"29":{"start":{"line":106,"column":20},"end":{"line":112,"column":6}},"30":{"start":{"line":114,"column":4},"end":{"line":120,"column":5}},"31":{"start":{"line":115,"column":21},"end":{"line":115,"column":55}},"32":{"start":{"line":116,"column":8},"end":{"line":116,"column":26}},"33":{"start":{"line":118,"column":8},"end":{"line":118,"column":28}},"34":{"start":{"line":119,"column":8},"end":{"line":119,"column":20}},"35":{"start":{"line":124,"column":0},"end":{"line":129,"column":1}}},"fnMap":{"0":{"name":"(anonymous_0)","decl":{"start":{"line":26,"column":20},"end":{"line":26,"column":21}},"loc":{"start":{"line":26,"column":43},"end":{"line":44,"column":1}},"line":26},"1":{"name":"(anonymous_1)","decl":{"start":{"line":46,"column":21},"end":{"line":46,"column":22}},"loc":{"start":{"line":46,"column":52},"end":{"line":76,"column":1}},"line":46},"2":{"name":"(anonymous_2)","decl":{"start":{"line":78,"column":21},"end":{"line":78,"column":22}},"loc":{"start":{"line":78,"column":75},"end":{"line":103,"column":1}},"line":78},"3":{"name":"(anonymous_3)","decl":{"start":{"line":105,"column":27},"end":{"line":105,"column":28}},"loc":{"start":{"line":105,"column":43},"end":{"line":121,"column":1}},"line":105}},"branchMap":{},"s":{"0":1,"1":1,"2":1,"3":1,"4":1,"5":1,"6":1,"7":1,"8":2,"9":2,"10":2,"11":2,"12":0,"13":0,"14":1,"15":2,"16":2,"17":2,"18":2,"19":0,"20":0,"21":1,"22":2,"23":2,"24":2,"25":2,"26":0,"27":0,"28":1,"29":0,"30":0,"31":0,"32":0,"33":0,"34":0,"35":1},"f":{"0":2,"1":2,"2":2,"3":0},"b":{},"_coverageSchema":"1a1c01bbd47fc00a2c39e90264f33305004495a9","hash":"a7966a2f6a82c12e3685a0b99f835bee3dbaf750"}
,"C:\\Users\\sagar\\Revature\\Foundations_Project\\src\\repository\\userDAO.js": {"path":"C:\\Users\\sagar\\Revature\\Foundations_Project\\src\\repository\\userDAO.js","statementMap":{"0":{"start":{"line":1,"column":27},"end":{"line":1,"column":62}},"1":{"start":{"line":10,"column":4},"end":{"line":10,"column":36}},"2":{"start":{"line":11,"column":15},"end":{"line":11,"column":40}},"3":{"start":{"line":13,"column":0},"end":{"line":13,"column":27}},"4":{"start":{"line":15,"column":23},"end":{"line":21,"column":2}},"5":{"start":{"line":23,"column":23},"end":{"line":23,"column":66}},"6":{"start":{"line":24,"column":18},"end":{"line":24,"column":39}},"7":{"start":{"line":26,"column":20},"end":{"line":37,"column":1}},"8":{"start":{"line":27,"column":20},"end":{"line":29,"column":6}},"9":{"start":{"line":31,"column":4},"end":{"line":36,"column":5}},"10":{"start":{"line":32,"column":21},"end":{"line":32,"column":55}},"11":{"start":{"line":33,"column":8},"end":{"line":33,"column":26}},"12":{"start":{"line":35,"column":8},"end":{"line":35,"column":28}},"13":{"start":{"line":39,"column":19},"end":{"line":52,"column":1}},"14":{"start":{"line":40,"column":20},"end":{"line":43,"column":6}},"15":{"start":{"line":45,"column":4},"end":{"line":51,"column":5}},"16":{"start":{"line":46,"column":21},"end":{"line":46,"column":55}},"17":{"start":{"line":47,"column":8},"end":{"line":47,"column":20}},"18":{"start":{"line":49,"column":8},"end":{"line":49,"column":28}},"19":{"start":{"line":50,"column":8},"end":{"line":50,"column":20}},"20":{"start":{"line":54,"column":26},"end":{"line":69,"column":1}},"21":{"start":{"line":55,"column":20},"end":{"line":60,"column":6}},"22":{"start":{"line":62,"column":4},"end":{"line":68,"column":5}},"23":{"start":{"line":63,"column":21},"end":{"line":63,"column":55}},"24":{"start":{"line":64,"column":8},"end":{"line":64,"column":29}},"25":{"start":{"line":66,"column":8},"end":{"line":66,"column":28}},"26":{"start":{"line":67,"column":8},"end":{"line":67,"column":20}},"27":{"start":{"line":71,"column":20},"end":{"line":86,"column":1}},"28":{"start":{"line":72,"column":20},"end":{"line":77,"column":6}},"29":{"start":{"line":79,"column":4},"end":{"line":85,"column":5}},"30":{"start":{"line":80,"column":21},"end":{"line":80,"column":55}},"31":{"start":{"line":81,"column":8},"end":{"line":81,"column":25}},"32":{"start":{"line":83,"column":8},"end":{"line":83,"column":28}},"33":{"start":{"line":84,"column":8},"end":{"line":84,"column":20}},"34":{"start":{"line":88,"column":19},"end":{"line":98,"column":1}},"35":{"start":{"line":89,"column":20},"end":{"line":94,"column":6}},"36":{"start":{"line":96,"column":21},"end":{"line":96,"column":55}},"37":{"start":{"line":97,"column":4},"end":{"line":97,"column":20}},"38":{"start":{"line":100,"column":0},"end":{"line":106,"column":1}}},"fnMap":{"0":{"name":"(anonymous_0)","decl":{"start":{"line":26,"column":20},"end":{"line":26,"column":21}},"loc":{"start":{"line":26,"column":32},"end":{"line":37,"column":1}},"line":26},"1":{"name":"(anonymous_1)","decl":{"start":{"line":39,"column":19},"end":{"line":39,"column":20}},"loc":{"start":{"line":39,"column":35},"end":{"line":52,"column":1}},"line":39},"2":{"name":"(anonymous_2)","decl":{"start":{"line":54,"column":26},"end":{"line":54,"column":27}},"loc":{"start":{"line":54,"column":46},"end":{"line":69,"column":1}},"line":54},"3":{"name":"(anonymous_3)","decl":{"start":{"line":71,"column":20},"end":{"line":71,"column":21}},"loc":{"start":{"line":71,"column":43},"end":{"line":86,"column":1}},"line":71},"4":{"name":"(anonymous_4)","decl":{"start":{"line":88,"column":19},"end":{"line":88,"column":20}},"loc":{"start":{"line":88,"column":42},"end":{"line":98,"column":1}},"line":88}},"branchMap":{},"s":{"0":2,"1":2,"2":2,"3":2,"4":2,"5":2,"6":2,"7":2,"8":0,"9":0,"10":0,"11":0,"12":0,"13":2,"14":2,"15":2,"16":2,"17":2,"18":0,"19":0,"20":2,"21":35,"22":35,"23":35,"24":35,"25":0,"26":0,"27":2,"28":2,"29":2,"30":2,"31":2,"32":0,"33":0,"34":2,"35":2,"36":2,"37":2,"38":2},"f":{"0":0,"1":2,"2":35,"3":2,"4":2},"b":{},"_coverageSchema":"1a1c01bbd47fc00a2c39e90264f33305004495a9","hash":"ca7afc21854ae1ac474262e08642184b646e54e0"}
,"C:\\Users\\sagar\\Revature\\Foundations_Project\\src\\service\\authService.js": {"path":"C:\\Users\\sagar\\Revature\\Foundations_Project\\src\\service\\authService.js","statementMap":{"0":{"start":{"line":1,"column":16},"end":{"line":1,"column":48}},"1":{"start":{"line":2,"column":13},"end":{"line":2,"column":28}},"2":{"start":{"line":3,"column":19},"end":{"line":3,"column":40}},"3":{"start":{"line":4,"column":23},"end":{"line":4,"column":58}},"4":{"start":{"line":5,"column":27},"end":{"line":5,"column":72}},"5":{"start":{"line":6,"column":15},"end":{"line":6,"column":40}},"6":{"start":{"line":7,"column":15},"end":{"line":7,"column":32}},"7":{"start":{"line":8,"column":31},"end":{"line":8,"column":51}},"8":{"start":{"line":10,"column":19},"end":{"line":13,"column":1}},"9":{"start":{"line":11,"column":18},"end":{"line":11,"column":45}},"10":{"start":{"line":12,"column":4},"end":{"line":12,"column":17}},"11":{"start":{"line":15,"column":21},"end":{"line":41,"column":1}},"12":{"start":{"line":16,"column":22},"end":{"line":16,"column":31}},"13":{"start":{"line":17,"column":20},"end":{"line":17,"column":59}},"14":{"start":{"line":18,"column":15},"end":{"line":18,"column":46}},"15":{"start":{"line":19,"column":18},"end":{"line":19,"column":20}},"16":{"start":{"line":21,"column":31},"end":{"line":21,"column":61}},"17":{"start":{"line":22,"column":4},"end":{"line":22,"column":61}},"18":{"start":{"line":22,"column":19},"end":{"line":22,"column":61}},"19":{"start":{"line":24,"column":25},"end":{"line":24,"column":71}},"20":{"start":{"line":25,"column":4},"end":{"line":25,"column":81}},"21":{"start":{"line":25,"column":24},"end":{"line":25,"column":81}},"22":{"start":{"line":27,"column":25},"end":{"line":27,"column":85}},"23":{"start":{"line":29,"column":15},"end":{"line":38,"column":6}},"24":{"start":{"line":39,"column":4},"end":{"line":39,"column":55}},"25":{"start":{"line":44,"column":22},"end":{"line":44,"column":75}},"26":{"start":{"line":45,"column":4},"end":{"line":49,"column":5}},"27":{"start":{"line":46,"column":21},"end":{"line":46,"column":68}},"28":{"start":{"line":46,"column":47},"end":{"line":46,"column":67}},"29":{"start":{"line":47,"column":8},"end":{"line":47,"column":27}},"30":{"start":{"line":48,"column":8},"end":{"line":48,"column":49}},"31":{"start":{"line":50,"column":4},"end":{"line":50,"column":30}},"32":{"start":{"line":53,"column":18},"end":{"line":74,"column":1}},"33":{"start":{"line":54,"column":31},"end":{"line":54,"column":58}},"34":{"start":{"line":55,"column":4},"end":{"line":55,"column":62}},"35":{"start":{"line":55,"column":19},"end":{"line":55,"column":62}},"36":{"start":{"line":57,"column":17},"end":{"line":57,"column":63}},"37":{"start":{"line":58,"column":4},"end":{"line":58,"column":67}},"38":{"start":{"line":58,"column":15},"end":{"line":58,"column":67}},"39":{"start":{"line":60,"column":28},"end":{"line":60,"column":86}},"40":{"start":{"line":61,"column":4},"end":{"line":61,"column":83}},"41":{"start":{"line":61,"column":26},"end":{"line":61,"column":83}},"42":{"start":{"line":63,"column":4},"end":{"line":73,"column":5}},"43":{"start":{"line":77,"column":22},"end":{"line":77,"column":71}},"44":{"start":{"line":78,"column":4},"end":{"line":82,"column":5}},"45":{"start":{"line":79,"column":21},"end":{"line":79,"column":68}},"46":{"start":{"line":79,"column":47},"end":{"line":79,"column":67}},"47":{"start":{"line":80,"column":8},"end":{"line":80,"column":27}},"48":{"start":{"line":81,"column":8},"end":{"line":81,"column":49}},"49":{"start":{"line":84,"column":4},"end":{"line":84,"column":29}},"50":{"start":{"line":88,"column":25},"end":{"line":90,"column":1}},"51":{"start":{"line":89,"column":4},"end":{"line":89,"column":53}},"52":{"start":{"line":92,"column":26},"end":{"line":95,"column":1}},"53":{"start":{"line":93,"column":17},"end":{"line":93,"column":58}},"54":{"start":{"line":94,"column":4},"end":{"line":94,"column":32}},"55":{"start":{"line":97,"column":20},"end":{"line":100,"column":1}},"56":{"start":{"line":98,"column":17},"end":{"line":98,"column":55}},"57":{"start":{"line":99,"column":4},"end":{"line":99,"column":32}},"58":{"start":{"line":102,"column":19},"end":{"line":110,"column":1}},"59":{"start":{"line":103,"column":17},"end":{"line":103,"column":50}},"60":{"start":{"line":104,"column":4},"end":{"line":107,"column":5}},"61":{"start":{"line":105,"column":21},"end":{"line":105,"column":63}},"62":{"start":{"line":106,"column":8},"end":{"line":106,"column":60}},"63":{"start":{"line":109,"column":4},"end":{"line":109,"column":61}},"64":{"start":{"line":111,"column":0},"end":{"line":119,"column":1}}},"fnMap":{"0":{"name":"(anonymous_0)","decl":{"start":{"line":10,"column":19},"end":{"line":10,"column":20}},"loc":{"start":{"line":10,"column":31},"end":{"line":13,"column":1}},"line":10},"1":{"name":"(anonymous_1)","decl":{"start":{"line":15,"column":21},"end":{"line":15,"column":22}},"loc":{"start":{"line":15,"column":45},"end":{"line":41,"column":1}},"line":15},"2":{"name":"validateRegister","decl":{"start":{"line":43,"column":9},"end":{"line":43,"column":25}},"loc":{"start":{"line":43,"column":40},"end":{"line":51,"column":1}},"line":43},"3":{"name":"(anonymous_3)","decl":{"start":{"line":46,"column":42},"end":{"line":46,"column":43}},"loc":{"start":{"line":46,"column":47},"end":{"line":46,"column":67}},"line":46},"4":{"name":"(anonymous_4)","decl":{"start":{"line":53,"column":18},"end":{"line":53,"column":19}},"loc":{"start":{"line":53,"column":42},"end":{"line":74,"column":1}},"line":53},"5":{"name":"validateLogin","decl":{"start":{"line":76,"column":9},"end":{"line":76,"column":22}},"loc":{"start":{"line":76,"column":37},"end":{"line":86,"column":1}},"line":76},"6":{"name":"(anonymous_6)","decl":{"start":{"line":79,"column":42},"end":{"line":79,"column":43}},"loc":{"start":{"line":79,"column":47},"end":{"line":79,"column":67}},"line":79},"7":{"name":"(anonymous_7)","decl":{"start":{"line":88,"column":25},"end":{"line":88,"column":26}},"loc":{"start":{"line":88,"column":58},"end":{"line":90,"column":1}},"line":88},"8":{"name":"(anonymous_8)","decl":{"start":{"line":92,"column":26},"end":{"line":92,"column":27}},"loc":{"start":{"line":92,"column":46},"end":{"line":95,"column":1}},"line":92},"9":{"name":"(anonymous_9)","decl":{"start":{"line":97,"column":20},"end":{"line":97,"column":21}},"loc":{"start":{"line":97,"column":43},"end":{"line":100,"column":1}},"line":97},"10":{"name":"(anonymous_10)","decl":{"start":{"line":102,"column":19},"end":{"line":102,"column":20}},"loc":{"start":{"line":102,"column":39},"end":{"line":110,"column":1}},"line":102}},"branchMap":{"0":{"loc":{"start":{"line":18,"column":15},"end":{"line":18,"column":46}},"type":"binary-expr","locations":[{"start":{"line":18,"column":15},"end":{"line":18,"column":32}},{"start":{"line":18,"column":36},"end":{"line":18,"column":46}}],"line":18},"1":{"loc":{"start":{"line":22,"column":4},"end":{"line":22,"column":61}},"type":"if","locations":[{"start":{"line":22,"column":4},"end":{"line":22,"column":61}},{"start":{},"end":{}}],"line":22},"2":{"loc":{"start":{"line":25,"column":4},"end":{"line":25,"column":81}},"type":"if","locations":[{"start":{"line":25,"column":4},"end":{"line":25,"column":81}},{"start":{},"end":{}}],"line":25},"3":{"loc":{"start":{"line":45,"column":4},"end":{"line":49,"column":5}},"type":"if","locations":[{"start":{"line":45,"column":4},"end":{"line":49,"column":5}},{"start":{},"end":{}}],"line":45},"4":{"loc":{"start":{"line":55,"column":4},"end":{"line":55,"column":62}},"type":"if","locations":[{"start":{"line":55,"column":4},"end":{"line":55,"column":62}},{"start":{},"end":{}}],"line":55},"5":{"loc":{"start":{"line":58,"column":4},"end":{"line":58,"column":67}},"type":"if","locations":[{"start":{"line":58,"column":4},"end":{"line":58,"column":67}},{"start":{},"end":{}}],"line":58},"6":{"loc":{"start":{"line":61,"column":4},"end":{"line":61,"column":83}},"type":"if","locations":[{"start":{"line":61,"column":4},"end":{"line":61,"column":83}},{"start":{},"end":{}}],"line":61},"7":{"loc":{"start":{"line":78,"column":4},"end":{"line":82,"column":5}},"type":"if","locations":[{"start":{"line":78,"column":4},"end":{"line":82,"column":5}},{"start":{},"end":{}}],"line":78},"8":{"loc":{"start":{"line":89,"column":11},"end":{"line":89,"column":52}},"type":"cond-expr","locations":[{"start":{"line":89,"column":40},"end":{"line":89,"column":44}},{"start":{"line":89,"column":47},"end":{"line":89,"column":52}}],"line":89},"9":{"loc":{"start":{"line":94,"column":11},"end":{"line":94,"column":31}},"type":"cond-expr","locations":[{"start":{"line":94,"column":20},"end":{"line":94,"column":24}},{"start":{"line":94,"column":27},"end":{"line":94,"column":31}}],"line":94},"10":{"loc":{"start":{"line":99,"column":11},"end":{"line":99,"column":31}},"type":"cond-expr","locations":[{"start":{"line":99,"column":20},"end":{"line":99,"column":24}},{"start":{"line":99,"column":27},"end":{"line":99,"column":31}}],"line":99},"11":{"loc":{"start":{"line":104,"column":4},"end":{"line":107,"column":5}},"type":"if","locations":[{"start":{"line":104,"column":4},"end":{"line":107,"column":5}},{"start":{},"end":{}}],"line":104}},"s":{"0":2,"1":2,"2":2,"3":2,"4":2,"5":2,"6":2,"7":2,"8":2,"9":0,"10":0,"11":2,"12":7,"13":7,"14":7,"15":7,"16":7,"17":7,"18":4,"19":3,"20":3,"21":1,"22":2,"23":2,"24":2,"25":7,"26":7,"27":4,"28":4,"29":4,"30":4,"31":3,"32":2,"33":24,"34":24,"35":2,"36":22,"37":22,"38":1,"39":21,"40":21,"41":1,"42":20,"43":24,"44":24,"45":2,"46":2,"47":2,"48":2,"49":22,"50":2,"51":0,"52":2,"53":35,"54":35,"55":2,"56":2,"57":2,"58":2,"59":2,"60":2,"61":2,"62":2,"63":0,"64":2},"f":{"0":0,"1":7,"2":7,"3":4,"4":24,"5":24,"6":2,"7":0,"8":35,"9":2,"10":2},"b":{"0":[7,7],"1":[4,3],"2":[1,2],"3":[4,3],"4":[2,22],"5":[1,21],"6":[1,20],"7":[2,22],"8":[0,0],"9":[31,4],"10":[2,0],"11":[2,0]},"_coverageSchema":"1a1c01bbd47fc00a2c39e90264f33305004495a9","hash":"40492efa3c516e39f0ffc26fc5ce35be9fa2e1fd"}
,"C:\\Users\\sagar\\Revature\\Foundations_Project\\src\\service\\ticketService.js": {"path":"C:\\Users\\sagar\\Revature\\Foundations_Project\\src\\service\\ticketService.js","statementMap":{"0":{"start":{"line":1,"column":19},"end":{"line":1,"column":40}},"1":{"start":{"line":2,"column":13},"end":{"line":2,"column":28}},"2":{"start":{"line":3,"column":18},"end":{"line":3,"column":52}},"3":{"start":{"line":4,"column":43},"end":{"line":4,"column":67}},"4":{"start":{"line":5,"column":25},"end":{"line":5,"column":68}},"5":{"start":{"line":6,"column":29},"end":{"line":6,"column":71}},"6":{"start":{"line":7,"column":27},"end":{"line":7,"column":72}},"7":{"start":{"line":8,"column":19},"end":{"line":8,"column":56}},"8":{"start":{"line":9,"column":15},"end":{"line":9,"column":40}},"9":{"start":{"line":22,"column":19},"end":{"line":33,"column":1}},"10":{"start":{"line":23,"column":31},"end":{"line":23,"column":64}},"11":{"start":{"line":24,"column":4},"end":{"line":24,"column":61}},"12":{"start":{"line":24,"column":19},"end":{"line":24,"column":61}},"13":{"start":{"line":26,"column":20},"end":{"line":26,"column":60}},"14":{"start":{"line":28,"column":4},"end":{"line":28,"column":110}},"15":{"start":{"line":28,"column":56},"end":{"line":28,"column":110}},"16":{"start":{"line":30,"column":19},"end":{"line":30,"column":37}},"17":{"start":{"line":32,"column":4},"end":{"line":32,"column":37}},"18":{"start":{"line":36,"column":22},"end":{"line":36,"column":73}},"19":{"start":{"line":37,"column":4},"end":{"line":41,"column":5}},"20":{"start":{"line":38,"column":21},"end":{"line":38,"column":68}},"21":{"start":{"line":38,"column":47},"end":{"line":38,"column":67}},"22":{"start":{"line":39,"column":8},"end":{"line":39,"column":27}},"23":{"start":{"line":40,"column":8},"end":{"line":40,"column":49}},"24":{"start":{"line":42,"column":4},"end":{"line":42,"column":30}},"25":{"start":{"line":45,"column":28},"end":{"line":54,"column":1}},"26":{"start":{"line":46,"column":31},"end":{"line":46,"column":61}},"27":{"start":{"line":47,"column":4},"end":{"line":47,"column":61}},"28":{"start":{"line":47,"column":19},"end":{"line":47,"column":61}},"29":{"start":{"line":49,"column":22},"end":{"line":49,"column":68}},"30":{"start":{"line":50,"column":20},"end":{"line":50,"column":57}},"31":{"start":{"line":52,"column":4},"end":{"line":52,"column":88}},"32":{"start":{"line":52,"column":24},"end":{"line":52,"column":88}},"33":{"start":{"line":53,"column":4},"end":{"line":53,"column":59}},"34":{"start":{"line":57,"column":22},"end":{"line":57,"column":67}},"35":{"start":{"line":58,"column":4},"end":{"line":62,"column":5}},"36":{"start":{"line":59,"column":21},"end":{"line":59,"column":68}},"37":{"start":{"line":59,"column":47},"end":{"line":59,"column":67}},"38":{"start":{"line":60,"column":8},"end":{"line":60,"column":27}},"39":{"start":{"line":61,"column":8},"end":{"line":61,"column":49}},"40":{"start":{"line":63,"column":4},"end":{"line":63,"column":30}},"41":{"start":{"line":67,"column":18},"end":{"line":67,"column":20}},"42":{"start":{"line":68,"column":4},"end":{"line":81,"column":7}},"43":{"start":{"line":69,"column":8},"end":{"line":80,"column":9}},"44":{"start":{"line":70,"column":12},"end":{"line":79,"column":14}},"45":{"start":{"line":71,"column":16},"end":{"line":78,"column":17}},"46":{"start":{"line":72,"column":20},"end":{"line":77,"column":22}},"47":{"start":{"line":83,"column":4},"end":{"line":83,"column":19}},"48":{"start":{"line":86,"column":18},"end":{"line":114,"column":1}},"49":{"start":{"line":88,"column":31},"end":{"line":88,"column":59}},"50":{"start":{"line":89,"column":4},"end":{"line":89,"column":61}},"51":{"start":{"line":89,"column":19},"end":{"line":89,"column":61}},"52":{"start":{"line":91,"column":22},"end":{"line":91,"column":31}},"53":{"start":{"line":92,"column":19},"end":{"line":92,"column":28}},"54":{"start":{"line":94,"column":17},"end":{"line":94,"column":47}},"55":{"start":{"line":96,"column":15},"end":{"line":102,"column":10}},"56":{"start":{"line":104,"column":4},"end":{"line":110,"column":5}},"57":{"start":{"line":105,"column":20},"end":{"line":105,"column":33}},"58":{"start":{"line":106,"column":21},"end":{"line":106,"column":32}},"59":{"start":{"line":107,"column":8},"end":{"line":107,"column":45}},"60":{"start":{"line":107,"column":24},"end":{"line":107,"column":45}},"61":{"start":{"line":109,"column":8},"end":{"line":109,"column":48}},"62":{"start":{"line":112,"column":4},"end":{"line":112,"column":31}},"63":{"start":{"line":117,"column":22},"end":{"line":117,"column":77}},"64":{"start":{"line":118,"column":4},"end":{"line":122,"column":5}},"65":{"start":{"line":119,"column":21},"end":{"line":119,"column":68}},"66":{"start":{"line":119,"column":47},"end":{"line":119,"column":67}},"67":{"start":{"line":120,"column":8},"end":{"line":120,"column":27}},"68":{"start":{"line":121,"column":8},"end":{"line":121,"column":49}},"69":{"start":{"line":123,"column":4},"end":{"line":123,"column":30}},"70":{"start":{"line":126,"column":21},"end":{"line":149,"column":1}},"71":{"start":{"line":128,"column":31},"end":{"line":128,"column":81}},"72":{"start":{"line":129,"column":4},"end":{"line":129,"column":61}},"73":{"start":{"line":129,"column":19},"end":{"line":129,"column":61}},"74":{"start":{"line":131,"column":17},"end":{"line":131,"column":67}},"75":{"start":{"line":133,"column":4},"end":{"line":133,"column":67}},"76":{"start":{"line":133,"column":15},"end":{"line":133,"column":67}},"77":{"start":{"line":134,"column":4},"end":{"line":134,"column":120}},"78":{"start":{"line":134,"column":66},"end":{"line":134,"column":120}},"79":{"start":{"line":136,"column":28},"end":{"line":136,"column":91}},"80":{"start":{"line":138,"column":4},"end":{"line":138,"column":93}},"81":{"start":{"line":138,"column":26},"end":{"line":138,"column":93}},"82":{"start":{"line":140,"column":23},"end":{"line":140,"column":117}},"83":{"start":{"line":142,"column":4},"end":{"line":145,"column":5}},"84":{"start":{"line":143,"column":23},"end":{"line":143,"column":46}},"85":{"start":{"line":144,"column":8},"end":{"line":144,"column":110}},"86":{"start":{"line":147,"column":4},"end":{"line":147,"column":31}},"87":{"start":{"line":152,"column":22},"end":{"line":152,"column":69}},"88":{"start":{"line":153,"column":4},"end":{"line":157,"column":5}},"89":{"start":{"line":154,"column":21},"end":{"line":154,"column":68}},"90":{"start":{"line":154,"column":47},"end":{"line":154,"column":67}},"91":{"start":{"line":155,"column":8},"end":{"line":155,"column":27}},"92":{"start":{"line":156,"column":8},"end":{"line":156,"column":49}},"93":{"start":{"line":158,"column":4},"end":{"line":158,"column":30}},"94":{"start":{"line":162,"column":4},"end":{"line":162,"column":62}},"95":{"start":{"line":162,"column":49},"end":{"line":162,"column":62}},"96":{"start":{"line":163,"column":4},"end":{"line":163,"column":16}},"97":{"start":{"line":166,"column":0},"end":{"line":171,"column":1}}},"fnMap":{"0":{"name":"(anonymous_0)","decl":{"start":{"line":22,"column":19},"end":{"line":22,"column":20}},"loc":{"start":{"line":22,"column":53},"end":{"line":33,"column":1}},"line":22},"1":{"name":"validateViewTicket","decl":{"start":{"line":35,"column":9},"end":{"line":35,"column":27}},"loc":{"start":{"line":35,"column":42},"end":{"line":43,"column":1}},"line":35},"2":{"name":"(anonymous_2)","decl":{"start":{"line":38,"column":42},"end":{"line":38,"column":43}},"loc":{"start":{"line":38,"column":47},"end":{"line":38,"column":67}},"line":38},"3":{"name":"(anonymous_3)","decl":{"start":{"line":45,"column":28},"end":{"line":45,"column":29}},"loc":{"start":{"line":45,"column":65},"end":{"line":54,"column":1}},"line":45},"4":{"name":"validateRole","decl":{"start":{"line":56,"column":9},"end":{"line":56,"column":21}},"loc":{"start":{"line":56,"column":36},"end":{"line":64,"column":1}},"line":56},"5":{"name":"(anonymous_5)","decl":{"start":{"line":59,"column":42},"end":{"line":59,"column":43}},"loc":{"start":{"line":59,"column":47},"end":{"line":59,"column":67}},"line":59},"6":{"name":"getAllTickets","decl":{"start":{"line":66,"column":9},"end":{"line":66,"column":22}},"loc":{"start":{"line":66,"column":47},"end":{"line":84,"column":1}},"line":66},"7":{"name":"(anonymous_7)","decl":{"start":{"line":68,"column":22},"end":{"line":68,"column":23}},"loc":{"start":{"line":68,"column":36},"end":{"line":81,"column":5}},"line":68},"8":{"name":"(anonymous_8)","decl":{"start":{"line":70,"column":37},"end":{"line":70,"column":38}},"loc":{"start":{"line":70,"column":56},"end":{"line":79,"column":13}},"line":70},"9":{"name":"(anonymous_9)","decl":{"start":{"line":86,"column":18},"end":{"line":86,"column":19}},"loc":{"start":{"line":86,"column":55},"end":{"line":114,"column":1}},"line":86},"10":{"name":"validateTicket","decl":{"start":{"line":116,"column":9},"end":{"line":116,"column":23}},"loc":{"start":{"line":116,"column":38},"end":{"line":124,"column":1}},"line":116},"11":{"name":"(anonymous_11)","decl":{"start":{"line":119,"column":42},"end":{"line":119,"column":43}},"loc":{"start":{"line":119,"column":47},"end":{"line":119,"column":67}},"line":119},"12":{"name":"(anonymous_12)","decl":{"start":{"line":126,"column":21},"end":{"line":126,"column":22}},"loc":{"start":{"line":126,"column":72},"end":{"line":149,"column":1}},"line":126},"13":{"name":"validateStatus","decl":{"start":{"line":151,"column":9},"end":{"line":151,"column":23}},"loc":{"start":{"line":151,"column":32},"end":{"line":159,"column":1}},"line":151},"14":{"name":"(anonymous_14)","decl":{"start":{"line":154,"column":42},"end":{"line":154,"column":43}},"loc":{"start":{"line":154,"column":47},"end":{"line":154,"column":67}},"line":154},"15":{"name":"statusChanged","decl":{"start":{"line":161,"column":9},"end":{"line":161,"column":22}},"loc":{"start":{"line":161,"column":43},"end":{"line":164,"column":1}},"line":161}},"branchMap":{"0":{"loc":{"start":{"line":24,"column":4},"end":{"line":24,"column":61}},"type":"if","locations":[{"start":{"line":24,"column":4},"end":{"line":24,"column":61}},{"start":{},"end":{}}],"line":24},"1":{"loc":{"start":{"line":28,"column":4},"end":{"line":28,"column":110}},"type":"if","locations":[{"start":{"line":28,"column":4},"end":{"line":28,"column":110}},{"start":{},"end":{}}],"line":28},"2":{"loc":{"start":{"line":28,"column":8},"end":{"line":28,"column":54}},"type":"binary-expr","locations":[{"start":{"line":28,"column":8},"end":{"line":28,"column":23}},{"start":{"line":28,"column":27},"end":{"line":28,"column":54}}],"line":28},"3":{"loc":{"start":{"line":37,"column":4},"end":{"line":41,"column":5}},"type":"if","locations":[{"start":{"line":37,"column":4},"end":{"line":41,"column":5}},{"start":{},"end":{}}],"line":37},"4":{"loc":{"start":{"line":47,"column":4},"end":{"line":47,"column":61}},"type":"if","locations":[{"start":{"line":47,"column":4},"end":{"line":47,"column":61}},{"start":{},"end":{}}],"line":47},"5":{"loc":{"start":{"line":52,"column":4},"end":{"line":52,"column":88}},"type":"if","locations":[{"start":{"line":52,"column":4},"end":{"line":52,"column":88}},{"start":{},"end":{}}],"line":52},"6":{"loc":{"start":{"line":58,"column":4},"end":{"line":62,"column":5}},"type":"if","locations":[{"start":{"line":58,"column":4},"end":{"line":62,"column":5}},{"start":{},"end":{}}],"line":58},"7":{"loc":{"start":{"line":69,"column":8},"end":{"line":80,"column":9}},"type":"if","locations":[{"start":{"line":69,"column":8},"end":{"line":80,"column":9}},{"start":{},"end":{}}],"line":69},"8":{"loc":{"start":{"line":71,"column":16},"end":{"line":78,"column":17}},"type":"if","locations":[{"start":{"line":71,"column":16},"end":{"line":78,"column":17}},{"start":{},"end":{}}],"line":71},"9":{"loc":{"start":{"line":89,"column":4},"end":{"line":89,"column":61}},"type":"if","locations":[{"start":{"line":89,"column":4},"end":{"line":89,"column":61}},{"start":{},"end":{}}],"line":89},"10":{"loc":{"start":{"line":104,"column":4},"end":{"line":110,"column":5}},"type":"if","locations":[{"start":{"line":104,"column":4},"end":{"line":110,"column":5}},{"start":{},"end":{}}],"line":104},"11":{"loc":{"start":{"line":107,"column":8},"end":{"line":107,"column":45}},"type":"if","locations":[{"start":{"line":107,"column":8},"end":{"line":107,"column":45}},{"start":{},"end":{}}],"line":107},"12":{"loc":{"start":{"line":118,"column":4},"end":{"line":122,"column":5}},"type":"if","locations":[{"start":{"line":118,"column":4},"end":{"line":122,"column":5}},{"start":{},"end":{}}],"line":118},"13":{"loc":{"start":{"line":129,"column":4},"end":{"line":129,"column":61}},"type":"if","locations":[{"start":{"line":129,"column":4},"end":{"line":129,"column":61}},{"start":{},"end":{}}],"line":129},"14":{"loc":{"start":{"line":133,"column":4},"end":{"line":133,"column":67}},"type":"if","locations":[{"start":{"line":133,"column":4},"end":{"line":133,"column":67}},{"start":{},"end":{}}],"line":133},"15":{"loc":{"start":{"line":134,"column":4},"end":{"line":134,"column":120}},"type":"if","locations":[{"start":{"line":134,"column":4},"end":{"line":134,"column":120}},{"start":{},"end":{}}],"line":134},"16":{"loc":{"start":{"line":134,"column":8},"end":{"line":134,"column":64}},"type":"binary-expr","locations":[{"start":{"line":134,"column":8},"end":{"line":134,"column":28}},{"start":{"line":134,"column":32},"end":{"line":134,"column":64}}],"line":134},"17":{"loc":{"start":{"line":138,"column":4},"end":{"line":138,"column":93}},"type":"if","locations":[{"start":{"line":138,"column":4},"end":{"line":138,"column":93}},{"start":{},"end":{}}],"line":138},"18":{"loc":{"start":{"line":142,"column":4},"end":{"line":145,"column":5}},"type":"if","locations":[{"start":{"line":142,"column":4},"end":{"line":145,"column":5}},{"start":{},"end":{}}],"line":142},"19":{"loc":{"start":{"line":153,"column":4},"end":{"line":157,"column":5}},"type":"if","locations":[{"start":{"line":153,"column":4},"end":{"line":157,"column":5}},{"start":{},"end":{}}],"line":153},"20":{"loc":{"start":{"line":162,"column":4},"end":{"line":162,"column":62}},"type":"if","locations":[{"start":{"line":162,"column":4},"end":{"line":162,"column":62}},{"start":{},"end":{}}],"line":162}},"s":{"0":1,"1":1,"2":1,"3":1,"4":1,"5":1,"6":1,"7":1,"8":1,"9":1,"10":3,"11":3,"12":1,"13":2,"14":2,"15":1,"16":1,"17":1,"18":3,"19":3,"20":1,"21":1,"22":1,"23":1,"24":2,"25":1,"26":3,"27":3,"28":3,"29":0,"30":0,"31":0,"32":0,"33":0,"34":3,"35":3,"36":3,"37":4,"38":3,"39":3,"40":0,"41":0,"42":0,"43":0,"44":0,"45":0,"46":0,"47":0,"48":1,"49":6,"50":6,"51":4,"52":2,"53":2,"54":2,"55":2,"56":2,"57":2,"58":2,"59":2,"60":2,"61":2,"62":0,"63":6,"64":6,"65":4,"66":5,"67":4,"68":4,"69":2,"70":1,"71":6,"72":6,"73":1,"74":5,"75":5,"76":1,"77":4,"78":1,"79":3,"80":3,"81":1,"82":2,"83":2,"84":2,"85":2,"86":0,"87":6,"88":6,"89":1,"90":1,"91":1,"92":1,"93":5,"94":3,"95":1,"96":2,"97":1},"f":{"0":3,"1":3,"2":1,"3":3,"4":3,"5":4,"6":0,"7":0,"8":0,"9":6,"10":6,"11":5,"12":6,"13":6,"14":1,"15":3},"b":{"0":[1,2],"1":[1,1],"2":[2,2],"3":[1,2],"4":[3,0],"5":[0,0],"6":[3,0],"7":[0,0],"8":[0,0],"9":[4,2],"10":[2,0],"11":[2,0],"12":[4,2],"13":[1,5],"14":[1,4],"15":[1,3],"16":[4,3],"17":[1,2],"18":[2,0],"19":[1,5],"20":[1,2]},"_coverageSchema":"1a1c01bbd47fc00a2c39e90264f33305004495a9","hash":"dcb57ce5122bb3a22e0be78bc05d4ec6f1e57247"}
,"C:\\Users\\sagar\\Revature\\Foundations_Project\\src\\util\\logger.js": {"path":"C:\\Users\\sagar\\Revature\\Foundations_Project\\src\\util\\logger.js","statementMap":{"0":{"start":{"line":1,"column":45},"end":{"line":1,"column":63}},"1":{"start":{"line":3,"column":15},"end":{"line":15,"column":2}},"2":{"start":{"line":8,"column":12},"end":{"line":8,"column":57}},"3":{"start":{"line":17,"column":0},"end":{"line":17,"column":24}}},"fnMap":{"0":{"name":"(anonymous_0)","decl":{"start":{"line":7,"column":22},"end":{"line":7,"column":23}},"loc":{"start":{"line":7,"column":57},"end":{"line":9,"column":9}},"line":7}},"branchMap":{},"s":{"0":2,"1":2,"2":15,"3":2},"f":{"0":15},"b":{},"_coverageSchema":"1a1c01bbd47fc00a2c39e90264f33305004495a9","hash":"f116b829869f973022e7b2accb13377afba15b38"}
}
