{"C:\\Users\\sagar\\Revature\\Foundations_Project\\src\\config.js": {"path":"C:\\Users\\sagar\\Revature\\Foundations_Project\\src\\config.js","statementMap":{"0":{"start":{"line":1,"column":0},"end":{"line":1,"column":27}},"1":{"start":{"line":3,"column":19},"end":{"line":3,"column":57}},"2":{"start":{"line":4,"column":13},"end":{"line":4,"column":38}},"3":{"start":{"line":5,"column":27},"end":{"line":5,"column":67}},"4":{"start":{"line":7,"column":0},"end":{"line":7,"column":58}}},"fnMap":{},"branchMap":{"0":{"loc":{"start":{"line":3,"column":19},"end":{"line":3,"column":57}},"type":"binary-expr","locations":[{"start":{"line":3,"column":19},"end":{"line":3,"column":41}},{"start":{"line":3,"column":45},"end":{"line":3,"column":57}}],"line":3},"1":{"loc":{"start":{"line":4,"column":13},"end":{"line":4,"column":38}},"type":"binary-expr","locations":[{"start":{"line":4,"column":13},"end":{"line":4,"column":30}},{"start":{"line":4,"column":34},"end":{"line":4,"column":38}}],"line":4},"2":{"loc":{"start":{"line":5,"column":27},"end":{"line":5,"column":67}},"type":"cond-expr","locations":[{"start":{"line":5,"column":61},"end":{"line":5,"column":62}},{"start":{"line":5,"column":65},"end":{"line":5,"column":67}}],"line":5}},"s":{"0":2,"1":2,"2":2,"3":2,"4":2},"f":{},"b":{"0":[2,2],"1":[2,2],"2":[2,0]},"_coverageSchema":"1a1c01bbd47fc00a2c39e90264f33305004495a9","hash":"ab95aac8c3f2ffcd7719dcee60413e206c4f3285"}
,"C:\\Users\\sagar\\Revature\\Foundations_Project\\src\\repository\\ticketDAO.js": {"path":"C:\\Users\\sagar\\Revature\\Foundations_Project\\src\\repository\\ticketDAO.js","statementMap":{"0":{"start":{"line":1,"column":27},"end":{"line":1,"column":62}},"1":{"start":{"line":6,"column":4},"end":{"line":6,"column":36}},"2":{"start":{"line":7,"column":15},"end":{"line":7,"column":40}},"3":{"start":{"line":9,"column":0},"end":{"line":9,"column":27}},"4":{"start":{"line":11,"column":23},"end":{"line":17,"column":2}},"5":{"start":{"line":19,"column":23},"end":{"line":19,"column":66}},"6":{"start":{"line":20,"column":18},"end":{"line":20,"column":39}},"7":{"start":{"line":22,"column":20},"end":{"line":40,"column":1}},"8":{"start":{"line":23,"column":20},"end":{"line":31,"column":6}},"9":{"start":{"line":33,"column":4},"end":{"line":39,"column":5}},"10":{"start":{"line":34,"column":21},"end":{"line":34,"column":55}},"11":{"start":{"line":35,"column":8},"end":{"line":35,"column":37}},"12":{"start":{"line":37,"column":8},"end":{"line":37,"column":28}},"13":{"start":{"line":38,"column":8},"end":{"line":38,"column":20}},"14":{"start":{"line":42,"column":21},"end":{"line":72,"column":1}},"15":{"start":{"line":43,"column":20},"end":{"line":63,"column":6}},"16":{"start":{"line":65,"column":4},"end":{"line":71,"column":5}},"17":{"start":{"line":66,"column":21},"end":{"line":66,"column":55}},"18":{"start":{"line":67,"column":8},"end":{"line":67,"column":39}},"19":{"start":{"line":69,"column":8},"end":{"line":69,"column":28}},"20":{"start":{"line":70,"column":8},"end":{"line":70,"column":20}},"21":{"start":{"line":74,"column":21},"end":{"line":99,"column":1}},"22":{"start":{"line":75,"column":20},"end":{"line":90,"column":6}},"23":{"start":{"line":92,"column":4},"end":{"line":98,"column":5}},"24":{"start":{"line":93,"column":21},"end":{"line":93,"column":55}},"25":{"start":{"line":94,"column":8},"end":{"line":94,"column":42}},"26":{"start":{"line":96,"column":8},"end":{"line":96,"column":28}},"27":{"start":{"line":97,"column":8},"end":{"line":97,"column":20}},"28":{"start":{"line":101,"column":27},"end":{"line":117,"column":1}},"29":{"start":{"line":102,"column":20},"end":{"line":108,"column":6}},"30":{"start":{"line":110,"column":4},"end":{"line":116,"column":5}},"31":{"start":{"line":111,"column":21},"end":{"line":111,"column":55}},"32":{"start":{"line":112,"column":8},"end":{"line":112,"column":26}},"33":{"start":{"line":114,"column":8},"end":{"line":114,"column":28}},"34":{"start":{"line":115,"column":8},"end":{"line":115,"column":20}},"35":{"start":{"line":120,"column":0},"end":{"line":125,"column":1}}},"fnMap":{"0":{"name":"(anonymous_0)","decl":{"start":{"line":22,"column":20},"end":{"line":22,"column":21}},"loc":{"start":{"line":22,"column":43},"end":{"line":40,"column":1}},"line":22},"1":{"name":"(anonymous_1)","decl":{"start":{"line":42,"column":21},"end":{"line":42,"column":22}},"loc":{"start":{"line":42,"column":52},"end":{"line":72,"column":1}},"line":42},"2":{"name":"(anonymous_2)","decl":{"start":{"line":74,"column":21},"end":{"line":74,"column":22}},"loc":{"start":{"line":74,"column":75},"end":{"line":99,"column":1}},"line":74},"3":{"name":"(anonymous_3)","decl":{"start":{"line":101,"column":27},"end":{"line":101,"column":28}},"loc":{"start":{"line":101,"column":43},"end":{"line":117,"column":1}},"line":101}},"branchMap":{},"s":{"0":1,"1":1,"2":1,"3":1,"4":1,"5":1,"6":1,"7":1,"8":2,"9":2,"10":2,"11":2,"12":0,"13":0,"14":1,"15":2,"16":2,"17":2,"18":2,"19":0,"20":0,"21":1,"22":2,"23":2,"24":2,"25":2,"26":0,"27":0,"28":1,"29":0,"30":0,"31":0,"32":0,"33":0,"34":0,"35":1},"f":{"0":2,"1":2,"2":2,"3":0},"b":{},"_coverageSchema":"1a1c01bbd47fc00a2c39e90264f33305004495a9","hash":"3e55feb69f97b1d61dbbf098c3ca3f00543cf3a4"}
,"C:\\Users\\sagar\\Revature\\Foundations_Project\\src\\repository\\userDAO.js": {"path":"C:\\Users\\sagar\\Revature\\Foundations_Project\\src\\repository\\userDAO.js","statementMap":{"0":{"start":{"line":1,"column":27},"end":{"line":1,"column":62}},"1":{"start":{"line":8,"column":4},"end":{"line":8,"column":36}},"2":{"start":{"line":9,"column":15},"end":{"line":9,"column":40}},"3":{"start":{"line":11,"column":0},"end":{"line":11,"column":27}},"4":{"start":{"line":13,"column":23},"end":{"line":19,"column":2}},"5":{"start":{"line":21,"column":23},"end":{"line":21,"column":66}},"6":{"start":{"line":22,"column":18},"end":{"line":22,"column":39}},"7":{"start":{"line":24,"column":19},"end":{"line":37,"column":1}},"8":{"start":{"line":25,"column":20},"end":{"line":28,"column":6}},"9":{"start":{"line":30,"column":4},"end":{"line":36,"column":5}},"10":{"start":{"line":31,"column":21},"end":{"line":31,"column":55}},"11":{"start":{"line":32,"column":8},"end":{"line":32,"column":20}},"12":{"start":{"line":34,"column":8},"end":{"line":34,"column":28}},"13":{"start":{"line":35,"column":8},"end":{"line":35,"column":20}},"14":{"start":{"line":39,"column":26},"end":{"line":54,"column":1}},"15":{"start":{"line":40,"column":20},"end":{"line":45,"column":6}},"16":{"start":{"line":47,"column":4},"end":{"line":53,"column":5}},"17":{"start":{"line":48,"column":21},"end":{"line":48,"column":55}},"18":{"start":{"line":49,"column":8},"end":{"line":49,"column":29}},"19":{"start":{"line":51,"column":8},"end":{"line":51,"column":28}},"20":{"start":{"line":52,"column":8},"end":{"line":52,"column":20}},"21":{"start":{"line":56,"column":20},"end":{"line":71,"column":1}},"22":{"start":{"line":57,"column":20},"end":{"line":62,"column":6}},"23":{"start":{"line":64,"column":4},"end":{"line":70,"column":5}},"24":{"start":{"line":65,"column":21},"end":{"line":65,"column":55}},"25":{"start":{"line":66,"column":8},"end":{"line":66,"column":25}},"26":{"start":{"line":68,"column":8},"end":{"line":68,"column":28}},"27":{"start":{"line":69,"column":8},"end":{"line":69,"column":20}},"28":{"start":{"line":73,"column":19},"end":{"line":83,"column":1}},"29":{"start":{"line":74,"column":20},"end":{"line":79,"column":6}},"30":{"start":{"line":81,"column":21},"end":{"line":81,"column":55}},"31":{"start":{"line":82,"column":4},"end":{"line":82,"column":20}},"32":{"start":{"line":85,"column":0},"end":{"line":90,"column":1}}},"fnMap":{"0":{"name":"(anonymous_0)","decl":{"start":{"line":24,"column":19},"end":{"line":24,"column":20}},"loc":{"start":{"line":24,"column":35},"end":{"line":37,"column":1}},"line":24},"1":{"name":"(anonymous_1)","decl":{"start":{"line":39,"column":26},"end":{"line":39,"column":27}},"loc":{"start":{"line":39,"column":46},"end":{"line":54,"column":1}},"line":39},"2":{"name":"(anonymous_2)","decl":{"start":{"line":56,"column":20},"end":{"line":56,"column":21}},"loc":{"start":{"line":56,"column":43},"end":{"line":71,"column":1}},"line":56},"3":{"name":"(anonymous_3)","decl":{"start":{"line":73,"column":19},"end":{"line":73,"column":20}},"loc":{"start":{"line":73,"column":42},"end":{"line":83,"column":1}},"line":73}},"branchMap":{},"s":{"0":2,"1":2,"2":2,"3":2,"4":2,"5":2,"6":2,"7":2,"8":2,"9":2,"10":2,"11":2,"12":0,"13":0,"14":2,"15":35,"16":35,"17":35,"18":35,"19":0,"20":0,"21":2,"22":2,"23":2,"24":2,"25":2,"26":0,"27":0,"28":2,"29":2,"30":2,"31":2,"32":2},"f":{"0":2,"1":35,"2":2,"3":2},"b":{},"_coverageSchema":"1a1c01bbd47fc00a2c39e90264f33305004495a9","hash":"fcd7d78f1ddc26dfbe6f2b84e251a533d6c27ebd"}
,"C:\\Users\\sagar\\Revature\\Foundations_Project\\src\\service\\authService.js": {"path":"C:\\Users\\sagar\\Revature\\Foundations_Project\\src\\service\\authService.js","statementMap":{"0":{"start":{"line":1,"column":13},"end":{"line":1,"column":28}},"1":{"start":{"line":2,"column":19},"end":{"line":2,"column":40}},"2":{"start":{"line":3,"column":15},"end":{"line":3,"column":32}},"3":{"start":{"line":5,"column":31},"end":{"line":5,"column":51}},"4":{"start":{"line":6,"column":16},"end":{"line":6,"column":48}},"5":{"start":{"line":7,"column":23},"end":{"line":7,"column":58}},"6":{"start":{"line":8,"column":27},"end":{"line":8,"column":72}},"7":{"start":{"line":9,"column":15},"end":{"line":9,"column":40}},"8":{"start":{"line":11,"column":21},"end":{"line":37,"column":1}},"9":{"start":{"line":12,"column":22},"end":{"line":12,"column":31}},"10":{"start":{"line":13,"column":20},"end":{"line":13,"column":59}},"11":{"start":{"line":14,"column":15},"end":{"line":14,"column":46}},"12":{"start":{"line":15,"column":18},"end":{"line":15,"column":20}},"13":{"start":{"line":17,"column":31},"end":{"line":17,"column":61}},"14":{"start":{"line":18,"column":4},"end":{"line":18,"column":61}},"15":{"start":{"line":18,"column":19},"end":{"line":18,"column":61}},"16":{"start":{"line":20,"column":25},"end":{"line":20,"column":71}},"17":{"start":{"line":21,"column":4},"end":{"line":21,"column":81}},"18":{"start":{"line":21,"column":24},"end":{"line":21,"column":81}},"19":{"start":{"line":23,"column":25},"end":{"line":23,"column":85}},"20":{"start":{"line":25,"column":15},"end":{"line":34,"column":6}},"21":{"start":{"line":35,"column":4},"end":{"line":35,"column":55}},"22":{"start":{"line":40,"column":22},"end":{"line":40,"column":75}},"23":{"start":{"line":41,"column":4},"end":{"line":45,"column":5}},"24":{"start":{"line":42,"column":21},"end":{"line":42,"column":68}},"25":{"start":{"line":42,"column":47},"end":{"line":42,"column":67}},"26":{"start":{"line":43,"column":8},"end":{"line":43,"column":27}},"27":{"start":{"line":44,"column":8},"end":{"line":44,"column":49}},"28":{"start":{"line":46,"column":4},"end":{"line":46,"column":30}},"29":{"start":{"line":49,"column":18},"end":{"line":70,"column":1}},"30":{"start":{"line":50,"column":31},"end":{"line":50,"column":58}},"31":{"start":{"line":51,"column":4},"end":{"line":51,"column":62}},"32":{"start":{"line":51,"column":19},"end":{"line":51,"column":62}},"33":{"start":{"line":53,"column":17},"end":{"line":53,"column":63}},"34":{"start":{"line":54,"column":4},"end":{"line":54,"column":67}},"35":{"start":{"line":54,"column":15},"end":{"line":54,"column":67}},"36":{"start":{"line":56,"column":28},"end":{"line":56,"column":86}},"37":{"start":{"line":57,"column":4},"end":{"line":57,"column":83}},"38":{"start":{"line":57,"column":26},"end":{"line":57,"column":83}},"39":{"start":{"line":59,"column":4},"end":{"line":69,"column":5}},"40":{"start":{"line":73,"column":22},"end":{"line":73,"column":71}},"41":{"start":{"line":74,"column":4},"end":{"line":78,"column":5}},"42":{"start":{"line":75,"column":21},"end":{"line":75,"column":68}},"43":{"start":{"line":75,"column":47},"end":{"line":75,"column":67}},"44":{"start":{"line":76,"column":8},"end":{"line":76,"column":27}},"45":{"start":{"line":77,"column":8},"end":{"line":77,"column":49}},"46":{"start":{"line":80,"column":4},"end":{"line":80,"column":29}},"47":{"start":{"line":84,"column":25},"end":{"line":86,"column":1}},"48":{"start":{"line":85,"column":4},"end":{"line":85,"column":53}},"49":{"start":{"line":88,"column":26},"end":{"line":91,"column":1}},"50":{"start":{"line":89,"column":17},"end":{"line":89,"column":58}},"51":{"start":{"line":90,"column":4},"end":{"line":90,"column":32}},"52":{"start":{"line":93,"column":20},"end":{"line":96,"column":1}},"53":{"start":{"line":94,"column":17},"end":{"line":94,"column":55}},"54":{"start":{"line":95,"column":4},"end":{"line":95,"column":32}},"55":{"start":{"line":98,"column":19},"end":{"line":106,"column":1}},"56":{"start":{"line":99,"column":17},"end":{"line":99,"column":50}},"57":{"start":{"line":100,"column":4},"end":{"line":103,"column":5}},"58":{"start":{"line":101,"column":21},"end":{"line":101,"column":63}},"59":{"start":{"line":102,"column":8},"end":{"line":102,"column":60}},"60":{"start":{"line":105,"column":4},"end":{"line":105,"column":61}},"61":{"start":{"line":108,"column":0},"end":{"line":115,"column":1}}},"fnMap":{"0":{"name":"(anonymous_0)","decl":{"start":{"line":11,"column":21},"end":{"line":11,"column":22}},"loc":{"start":{"line":11,"column":45},"end":{"line":37,"column":1}},"line":11},"1":{"name":"validateRegister","decl":{"start":{"line":39,"column":9},"end":{"line":39,"column":25}},"loc":{"start":{"line":39,"column":40},"end":{"line":47,"column":1}},"line":39},"2":{"name":"(anonymous_2)","decl":{"start":{"line":42,"column":42},"end":{"line":42,"column":43}},"loc":{"start":{"line":42,"column":47},"end":{"line":42,"column":67}},"line":42},"3":{"name":"(anonymous_3)","decl":{"start":{"line":49,"column":18},"end":{"line":49,"column":19}},"loc":{"start":{"line":49,"column":42},"end":{"line":70,"column":1}},"line":49},"4":{"name":"validateLogin","decl":{"start":{"line":72,"column":9},"end":{"line":72,"column":22}},"loc":{"start":{"line":72,"column":37},"end":{"line":82,"column":1}},"line":72},"5":{"name":"(anonymous_5)","decl":{"start":{"line":75,"column":42},"end":{"line":75,"column":43}},"loc":{"start":{"line":75,"column":47},"end":{"line":75,"column":67}},"line":75},"6":{"name":"(anonymous_6)","decl":{"start":{"line":84,"column":25},"end":{"line":84,"column":26}},"loc":{"start":{"line":84,"column":58},"end":{"line":86,"column":1}},"line":84},"7":{"name":"(anonymous_7)","decl":{"start":{"line":88,"column":26},"end":{"line":88,"column":27}},"loc":{"start":{"line":88,"column":46},"end":{"line":91,"column":1}},"line":88},"8":{"name":"(anonymous_8)","decl":{"start":{"line":93,"column":20},"end":{"line":93,"column":21}},"loc":{"start":{"line":93,"column":43},"end":{"line":96,"column":1}},"line":93},"9":{"name":"(anonymous_9)","decl":{"start":{"line":98,"column":19},"end":{"line":98,"column":20}},"loc":{"start":{"line":98,"column":39},"end":{"line":106,"column":1}},"line":98}},"branchMap":{"0":{"loc":{"start":{"line":14,"column":15},"end":{"line":14,"column":46}},"type":"binary-expr","locations":[{"start":{"line":14,"column":15},"end":{"line":14,"column":32}},{"start":{"line":14,"column":36},"end":{"line":14,"column":46}}],"line":14},"1":{"loc":{"start":{"line":18,"column":4},"end":{"line":18,"column":61}},"type":"if","locations":[{"start":{"line":18,"column":4},"end":{"line":18,"column":61}},{"start":{},"end":{}}],"line":18},"2":{"loc":{"start":{"line":21,"column":4},"end":{"line":21,"column":81}},"type":"if","locations":[{"start":{"line":21,"column":4},"end":{"line":21,"column":81}},{"start":{},"end":{}}],"line":21},"3":{"loc":{"start":{"line":41,"column":4},"end":{"line":45,"column":5}},"type":"if","locations":[{"start":{"line":41,"column":4},"end":{"line":45,"column":5}},{"start":{},"end":{}}],"line":41},"4":{"loc":{"start":{"line":51,"column":4},"end":{"line":51,"column":62}},"type":"if","locations":[{"start":{"line":51,"column":4},"end":{"line":51,"column":62}},{"start":{},"end":{}}],"line":51},"5":{"loc":{"start":{"line":54,"column":4},"end":{"line":54,"column":67}},"type":"if","locations":[{"start":{"line":54,"column":4},"end":{"line":54,"column":67}},{"start":{},"end":{}}],"line":54},"6":{"loc":{"start":{"line":57,"column":4},"end":{"line":57,"column":83}},"type":"if","locations":[{"start":{"line":57,"column":4},"end":{"line":57,"column":83}},{"start":{},"end":{}}],"line":57},"7":{"loc":{"start":{"line":74,"column":4},"end":{"line":78,"column":5}},"type":"if","locations":[{"start":{"line":74,"column":4},"end":{"line":78,"column":5}},{"start":{},"end":{}}],"line":74},"8":{"loc":{"start":{"line":85,"column":11},"end":{"line":85,"column":52}},"type":"cond-expr","locations":[{"start":{"line":85,"column":40},"end":{"line":85,"column":44}},{"start":{"line":85,"column":47},"end":{"line":85,"column":52}}],"line":85},"9":{"loc":{"start":{"line":90,"column":11},"end":{"line":90,"column":31}},"type":"cond-expr","locations":[{"start":{"line":90,"column":20},"end":{"line":90,"column":24}},{"start":{"line":90,"column":27},"end":{"line":90,"column":31}}],"line":90},"10":{"loc":{"start":{"line":95,"column":11},"end":{"line":95,"column":31}},"type":"cond-expr","locations":[{"start":{"line":95,"column":20},"end":{"line":95,"column":24}},{"start":{"line":95,"column":27},"end":{"line":95,"column":31}}],"line":95},"11":{"loc":{"start":{"line":100,"column":4},"end":{"line":103,"column":5}},"type":"if","locations":[{"start":{"line":100,"column":4},"end":{"line":103,"column":5}},{"start":{},"end":{}}],"line":100}},"s":{"0":2,"1":2,"2":2,"3":2,"4":2,"5":2,"6":2,"7":2,"8":2,"9":7,"10":7,"11":7,"12":7,"13":7,"14":7,"15":4,"16":3,"17":3,"18":1,"19":2,"20":2,"21":2,"22":7,"23":7,"24":4,"25":4,"26":4,"27":4,"28":3,"29":2,"30":24,"31":24,"32":2,"33":22,"34":22,"35":1,"36":21,"37":21,"38":1,"39":20,"40":24,"41":24,"42":2,"43":2,"44":2,"45":2,"46":22,"47":2,"48":0,"49":2,"50":35,"51":35,"52":2,"53":2,"54":2,"55":2,"56":2,"57":2,"58":2,"59":2,"60":0,"61":2},"f":{"0":7,"1":7,"2":4,"3":24,"4":24,"5":2,"6":0,"7":35,"8":2,"9":2},"b":{"0":[7,7],"1":[4,3],"2":[1,2],"3":[4,3],"4":[2,22],"5":[1,21],"6":[1,20],"7":[2,22],"8":[0,0],"9":[31,4],"10":[2,0],"11":[2,0]},"_coverageSchema":"1a1c01bbd47fc00a2c39e90264f33305004495a9","hash":"90e854c465e184eeff635c28fff83662970a4319"}
,"C:\\Users\\sagar\\Revature\\Foundations_Project\\src\\service\\ticketService.js": {"path":"C:\\Users\\sagar\\Revature\\Foundations_Project\\src\\service\\ticketService.js","statementMap":{"0":{"start":{"line":1,"column":19},"end":{"line":1,"column":40}},"1":{"start":{"line":2,"column":13},"end":{"line":2,"column":28}},"2":{"start":{"line":4,"column":43},"end":{"line":4,"column":67}},"3":{"start":{"line":5,"column":18},"end":{"line":5,"column":52}},"4":{"start":{"line":6,"column":25},"end":{"line":6,"column":68}},"5":{"start":{"line":7,"column":29},"end":{"line":7,"column":71}},"6":{"start":{"line":8,"column":27},"end":{"line":8,"column":72}},"7":{"start":{"line":9,"column":19},"end":{"line":9,"column":56}},"8":{"start":{"line":10,"column":15},"end":{"line":10,"column":40}},"9":{"start":{"line":12,"column":19},"end":{"line":23,"column":1}},"10":{"start":{"line":13,"column":31},"end":{"line":13,"column":64}},"11":{"start":{"line":14,"column":4},"end":{"line":14,"column":61}},"12":{"start":{"line":14,"column":19},"end":{"line":14,"column":61}},"13":{"start":{"line":16,"column":20},"end":{"line":16,"column":60}},"14":{"start":{"line":18,"column":4},"end":{"line":18,"column":110}},"15":{"start":{"line":18,"column":56},"end":{"line":18,"column":110}},"16":{"start":{"line":20,"column":19},"end":{"line":20,"column":37}},"17":{"start":{"line":22,"column":4},"end":{"line":22,"column":37}},"18":{"start":{"line":26,"column":22},"end":{"line":26,"column":73}},"19":{"start":{"line":27,"column":4},"end":{"line":31,"column":5}},"20":{"start":{"line":28,"column":21},"end":{"line":28,"column":68}},"21":{"start":{"line":28,"column":47},"end":{"line":28,"column":67}},"22":{"start":{"line":29,"column":8},"end":{"line":29,"column":27}},"23":{"start":{"line":30,"column":8},"end":{"line":30,"column":49}},"24":{"start":{"line":32,"column":4},"end":{"line":32,"column":30}},"25":{"start":{"line":35,"column":28},"end":{"line":44,"column":1}},"26":{"start":{"line":36,"column":31},"end":{"line":36,"column":61}},"27":{"start":{"line":37,"column":4},"end":{"line":37,"column":61}},"28":{"start":{"line":37,"column":19},"end":{"line":37,"column":61}},"29":{"start":{"line":39,"column":22},"end":{"line":39,"column":68}},"30":{"start":{"line":40,"column":20},"end":{"line":40,"column":57}},"31":{"start":{"line":42,"column":4},"end":{"line":42,"column":87}},"32":{"start":{"line":42,"column":24},"end":{"line":42,"column":87}},"33":{"start":{"line":43,"column":4},"end":{"line":43,"column":59}},"34":{"start":{"line":47,"column":22},"end":{"line":47,"column":67}},"35":{"start":{"line":48,"column":4},"end":{"line":52,"column":5}},"36":{"start":{"line":49,"column":21},"end":{"line":49,"column":68}},"37":{"start":{"line":49,"column":47},"end":{"line":49,"column":67}},"38":{"start":{"line":50,"column":8},"end":{"line":50,"column":27}},"39":{"start":{"line":51,"column":8},"end":{"line":51,"column":49}},"40":{"start":{"line":53,"column":4},"end":{"line":53,"column":30}},"41":{"start":{"line":57,"column":18},"end":{"line":57,"column":20}},"42":{"start":{"line":58,"column":4},"end":{"line":71,"column":7}},"43":{"start":{"line":59,"column":8},"end":{"line":70,"column":9}},"44":{"start":{"line":60,"column":12},"end":{"line":69,"column":14}},"45":{"start":{"line":61,"column":16},"end":{"line":68,"column":17}},"46":{"start":{"line":62,"column":20},"end":{"line":67,"column":22}},"47":{"start":{"line":73,"column":4},"end":{"line":73,"column":19}},"48":{"start":{"line":76,"column":18},"end":{"line":104,"column":1}},"49":{"start":{"line":78,"column":31},"end":{"line":78,"column":59}},"50":{"start":{"line":79,"column":4},"end":{"line":79,"column":61}},"51":{"start":{"line":79,"column":19},"end":{"line":79,"column":61}},"52":{"start":{"line":81,"column":22},"end":{"line":81,"column":31}},"53":{"start":{"line":82,"column":19},"end":{"line":82,"column":28}},"54":{"start":{"line":84,"column":17},"end":{"line":84,"column":47}},"55":{"start":{"line":86,"column":15},"end":{"line":92,"column":10}},"56":{"start":{"line":94,"column":4},"end":{"line":100,"column":5}},"57":{"start":{"line":95,"column":20},"end":{"line":95,"column":35}},"58":{"start":{"line":96,"column":21},"end":{"line":96,"column":32}},"59":{"start":{"line":97,"column":8},"end":{"line":97,"column":45}},"60":{"start":{"line":97,"column":24},"end":{"line":97,"column":45}},"61":{"start":{"line":99,"column":8},"end":{"line":99,"column":48}},"62":{"start":{"line":102,"column":4},"end":{"line":102,"column":31}},"63":{"start":{"line":107,"column":22},"end":{"line":107,"column":77}},"64":{"start":{"line":108,"column":4},"end":{"line":112,"column":5}},"65":{"start":{"line":109,"column":21},"end":{"line":109,"column":68}},"66":{"start":{"line":109,"column":47},"end":{"line":109,"column":67}},"67":{"start":{"line":110,"column":8},"end":{"line":110,"column":27}},"68":{"start":{"line":111,"column":8},"end":{"line":111,"column":49}},"69":{"start":{"line":113,"column":4},"end":{"line":113,"column":30}},"70":{"start":{"line":116,"column":21},"end":{"line":139,"column":1}},"71":{"start":{"line":118,"column":31},"end":{"line":118,"column":81}},"72":{"start":{"line":119,"column":4},"end":{"line":119,"column":61}},"73":{"start":{"line":119,"column":19},"end":{"line":119,"column":61}},"74":{"start":{"line":121,"column":17},"end":{"line":121,"column":67}},"75":{"start":{"line":123,"column":4},"end":{"line":123,"column":67}},"76":{"start":{"line":123,"column":15},"end":{"line":123,"column":67}},"77":{"start":{"line":124,"column":4},"end":{"line":124,"column":120}},"78":{"start":{"line":124,"column":66},"end":{"line":124,"column":120}},"79":{"start":{"line":126,"column":28},"end":{"line":126,"column":91}},"80":{"start":{"line":128,"column":4},"end":{"line":128,"column":93}},"81":{"start":{"line":128,"column":26},"end":{"line":128,"column":93}},"82":{"start":{"line":130,"column":23},"end":{"line":130,"column":117}},"83":{"start":{"line":132,"column":4},"end":{"line":135,"column":5}},"84":{"start":{"line":133,"column":23},"end":{"line":133,"column":46}},"85":{"start":{"line":134,"column":8},"end":{"line":134,"column":111}},"86":{"start":{"line":137,"column":4},"end":{"line":137,"column":31}},"87":{"start":{"line":142,"column":22},"end":{"line":142,"column":69}},"88":{"start":{"line":143,"column":4},"end":{"line":147,"column":5}},"89":{"start":{"line":144,"column":21},"end":{"line":144,"column":68}},"90":{"start":{"line":144,"column":47},"end":{"line":144,"column":67}},"91":{"start":{"line":145,"column":8},"end":{"line":145,"column":27}},"92":{"start":{"line":146,"column":8},"end":{"line":146,"column":49}},"93":{"start":{"line":148,"column":4},"end":{"line":148,"column":30}},"94":{"start":{"line":152,"column":4},"end":{"line":152,"column":62}},"95":{"start":{"line":152,"column":49},"end":{"line":152,"column":62}},"96":{"start":{"line":153,"column":4},"end":{"line":153,"column":16}},"97":{"start":{"line":156,"column":0},"end":{"line":161,"column":1}}},"fnMap":{"0":{"name":"(anonymous_0)","decl":{"start":{"line":12,"column":19},"end":{"line":12,"column":20}},"loc":{"start":{"line":12,"column":53},"end":{"line":23,"column":1}},"line":12},"1":{"name":"validateViewTicket","decl":{"start":{"line":25,"column":9},"end":{"line":25,"column":27}},"loc":{"start":{"line":25,"column":42},"end":{"line":33,"column":1}},"line":25},"2":{"name":"(anonymous_2)","decl":{"start":{"line":28,"column":42},"end":{"line":28,"column":43}},"loc":{"start":{"line":28,"column":47},"end":{"line":28,"column":67}},"line":28},"3":{"name":"(anonymous_3)","decl":{"start":{"line":35,"column":28},"end":{"line":35,"column":29}},"loc":{"start":{"line":35,"column":65},"end":{"line":44,"column":1}},"line":35},"4":{"name":"validateRole","decl":{"start":{"line":46,"column":9},"end":{"line":46,"column":21}},"loc":{"start":{"line":46,"column":36},"end":{"line":54,"column":1}},"line":46},"5":{"name":"(anonymous_5)","decl":{"start":{"line":49,"column":42},"end":{"line":49,"column":43}},"loc":{"start":{"line":49,"column":47},"end":{"line":49,"column":67}},"line":49},"6":{"name":"getAllTickets","decl":{"start":{"line":56,"column":9},"end":{"line":56,"column":22}},"loc":{"start":{"line":56,"column":47},"end":{"line":74,"column":1}},"line":56},"7":{"name":"(anonymous_7)","decl":{"start":{"line":58,"column":22},"end":{"line":58,"column":23}},"loc":{"start":{"line":58,"column":36},"end":{"line":71,"column":5}},"line":58},"8":{"name":"(anonymous_8)","decl":{"start":{"line":60,"column":37},"end":{"line":60,"column":38}},"loc":{"start":{"line":60,"column":56},"end":{"line":69,"column":13}},"line":60},"9":{"name":"(anonymous_9)","decl":{"start":{"line":76,"column":18},"end":{"line":76,"column":19}},"loc":{"start":{"line":76,"column":55},"end":{"line":104,"column":1}},"line":76},"10":{"name":"validateTicket","decl":{"start":{"line":106,"column":9},"end":{"line":106,"column":23}},"loc":{"start":{"line":106,"column":38},"end":{"line":114,"column":1}},"line":106},"11":{"name":"(anonymous_11)","decl":{"start":{"line":109,"column":42},"end":{"line":109,"column":43}},"loc":{"start":{"line":109,"column":47},"end":{"line":109,"column":67}},"line":109},"12":{"name":"(anonymous_12)","decl":{"start":{"line":116,"column":21},"end":{"line":116,"column":22}},"loc":{"start":{"line":116,"column":72},"end":{"line":139,"column":1}},"line":116},"13":{"name":"validateStatus","decl":{"start":{"line":141,"column":9},"end":{"line":141,"column":23}},"loc":{"start":{"line":141,"column":32},"end":{"line":149,"column":1}},"line":141},"14":{"name":"(anonymous_14)","decl":{"start":{"line":144,"column":42},"end":{"line":144,"column":43}},"loc":{"start":{"line":144,"column":47},"end":{"line":144,"column":67}},"line":144},"15":{"name":"statusChanged","decl":{"start":{"line":151,"column":9},"end":{"line":151,"column":22}},"loc":{"start":{"line":151,"column":43},"end":{"line":154,"column":1}},"line":151}},"branchMap":{"0":{"loc":{"start":{"line":14,"column":4},"end":{"line":14,"column":61}},"type":"if","locations":[{"start":{"line":14,"column":4},"end":{"line":14,"column":61}},{"start":{},"end":{}}],"line":14},"1":{"loc":{"start":{"line":18,"column":4},"end":{"line":18,"column":110}},"type":"if","locations":[{"start":{"line":18,"column":4},"end":{"line":18,"column":110}},{"start":{},"end":{}}],"line":18},"2":{"loc":{"start":{"line":18,"column":8},"end":{"line":18,"column":54}},"type":"binary-expr","locations":[{"start":{"line":18,"column":8},"end":{"line":18,"column":23}},{"start":{"line":18,"column":27},"end":{"line":18,"column":54}}],"line":18},"3":{"loc":{"start":{"line":27,"column":4},"end":{"line":31,"column":5}},"type":"if","locations":[{"start":{"line":27,"column":4},"end":{"line":31,"column":5}},{"start":{},"end":{}}],"line":27},"4":{"loc":{"start":{"line":37,"column":4},"end":{"line":37,"column":61}},"type":"if","locations":[{"start":{"line":37,"column":4},"end":{"line":37,"column":61}},{"start":{},"end":{}}],"line":37},"5":{"loc":{"start":{"line":42,"column":4},"end":{"line":42,"column":87}},"type":"if","locations":[{"start":{"line":42,"column":4},"end":{"line":42,"column":87}},{"start":{},"end":{}}],"line":42},"6":{"loc":{"start":{"line":48,"column":4},"end":{"line":52,"column":5}},"type":"if","locations":[{"start":{"line":48,"column":4},"end":{"line":52,"column":5}},{"start":{},"end":{}}],"line":48},"7":{"loc":{"start":{"line":59,"column":8},"end":{"line":70,"column":9}},"type":"if","locations":[{"start":{"line":59,"column":8},"end":{"line":70,"column":9}},{"start":{},"end":{}}],"line":59},"8":{"loc":{"start":{"line":61,"column":16},"end":{"line":68,"column":17}},"type":"if","locations":[{"start":{"line":61,"column":16},"end":{"line":68,"column":17}},{"start":{},"end":{}}],"line":61},"9":{"loc":{"start":{"line":79,"column":4},"end":{"line":79,"column":61}},"type":"if","locations":[{"start":{"line":79,"column":4},"end":{"line":79,"column":61}},{"start":{},"end":{}}],"line":79},"10":{"loc":{"start":{"line":94,"column":4},"end":{"line":100,"column":5}},"type":"if","locations":[{"start":{"line":94,"column":4},"end":{"line":100,"column":5}},{"start":{},"end":{}}],"line":94},"11":{"loc":{"start":{"line":97,"column":8},"end":{"line":97,"column":45}},"type":"if","locations":[{"start":{"line":97,"column":8},"end":{"line":97,"column":45}},{"start":{},"end":{}}],"line":97},"12":{"loc":{"start":{"line":108,"column":4},"end":{"line":112,"column":5}},"type":"if","locations":[{"start":{"line":108,"column":4},"end":{"line":112,"column":5}},{"start":{},"end":{}}],"line":108},"13":{"loc":{"start":{"line":119,"column":4},"end":{"line":119,"column":61}},"type":"if","locations":[{"start":{"line":119,"column":4},"end":{"line":119,"column":61}},{"start":{},"end":{}}],"line":119},"14":{"loc":{"start":{"line":123,"column":4},"end":{"line":123,"column":67}},"type":"if","locations":[{"start":{"line":123,"column":4},"end":{"line":123,"column":67}},{"start":{},"end":{}}],"line":123},"15":{"loc":{"start":{"line":124,"column":4},"end":{"line":124,"column":120}},"type":"if","locations":[{"start":{"line":124,"column":4},"end":{"line":124,"column":120}},{"start":{},"end":{}}],"line":124},"16":{"loc":{"start":{"line":124,"column":8},"end":{"line":124,"column":64}},"type":"binary-expr","locations":[{"start":{"line":124,"column":8},"end":{"line":124,"column":28}},{"start":{"line":124,"column":32},"end":{"line":124,"column":64}}],"line":124},"17":{"loc":{"start":{"line":128,"column":4},"end":{"line":128,"column":93}},"type":"if","locations":[{"start":{"line":128,"column":4},"end":{"line":128,"column":93}},{"start":{},"end":{}}],"line":128},"18":{"loc":{"start":{"line":132,"column":4},"end":{"line":135,"column":5}},"type":"if","locations":[{"start":{"line":132,"column":4},"end":{"line":135,"column":5}},{"start":{},"end":{}}],"line":132},"19":{"loc":{"start":{"line":143,"column":4},"end":{"line":147,"column":5}},"type":"if","locations":[{"start":{"line":143,"column":4},"end":{"line":147,"column":5}},{"start":{},"end":{}}],"line":143},"20":{"loc":{"start":{"line":152,"column":4},"end":{"line":152,"column":62}},"type":"if","locations":[{"start":{"line":152,"column":4},"end":{"line":152,"column":62}},{"start":{},"end":{}}],"line":152}},"s":{"0":1,"1":1,"2":1,"3":1,"4":1,"5":1,"6":1,"7":1,"8":1,"9":1,"10":3,"11":3,"12":1,"13":2,"14":2,"15":1,"16":1,"17":1,"18":3,"19":3,"20":1,"21":1,"22":1,"23":1,"24":2,"25":1,"26":3,"27":3,"28":3,"29":0,"30":0,"31":0,"32":0,"33":0,"34":3,"35":3,"36":3,"37":4,"38":3,"39":3,"40":0,"41":0,"42":0,"43":0,"44":0,"45":0,"46":0,"47":0,"48":1,"49":6,"50":6,"51":4,"52":2,"53":2,"54":2,"55":2,"56":2,"57":2,"58":2,"59":2,"60":2,"61":2,"62":0,"63":6,"64":6,"65":4,"66":5,"67":4,"68":4,"69":2,"70":1,"71":6,"72":6,"73":1,"74":5,"75":5,"76":1,"77":4,"78":1,"79":3,"80":3,"81":1,"82":2,"83":2,"84":2,"85":2,"86":0,"87":6,"88":6,"89":1,"90":1,"91":1,"92":1,"93":5,"94":3,"95":1,"96":2,"97":1},"f":{"0":3,"1":3,"2":1,"3":3,"4":3,"5":4,"6":0,"7":0,"8":0,"9":6,"10":6,"11":5,"12":6,"13":6,"14":1,"15":3},"b":{"0":[1,2],"1":[1,1],"2":[2,2],"3":[1,2],"4":[3,0],"5":[0,0],"6":[3,0],"7":[0,0],"8":[0,0],"9":[4,2],"10":[2,0],"11":[2,0],"12":[4,2],"13":[1,5],"14":[1,4],"15":[1,3],"16":[4,3],"17":[1,2],"18":[2,0],"19":[1,5],"20":[1,2]},"_coverageSchema":"1a1c01bbd47fc00a2c39e90264f33305004495a9","hash":"437d6d3d75e40a60901e64d9b4c717f4e66587a1"}
,"C:\\Users\\sagar\\Revature\\Foundations_Project\\src\\util\\logger.js": {"path":"C:\\Users\\sagar\\Revature\\Foundations_Project\\src\\util\\logger.js","statementMap":{"0":{"start":{"line":1,"column":45},"end":{"line":1,"column":63}},"1":{"start":{"line":3,"column":15},"end":{"line":14,"column":2}},"2":{"start":{"line":8,"column":12},"end":{"line":8,"column":57}},"3":{"start":{"line":16,"column":0},"end":{"line":16,"column":24}}},"fnMap":{"0":{"name":"(anonymous_0)","decl":{"start":{"line":7,"column":22},"end":{"line":7,"column":23}},"loc":{"start":{"line":7,"column":57},"end":{"line":9,"column":9}},"line":7}},"branchMap":{},"s":{"0":2,"1":2,"2":15,"3":2},"f":{"0":15},"b":{},"_coverageSchema":"1a1c01bbd47fc00a2c39e90264f33305004495a9","hash":"c6b5ad54e58003bd5b6298301ef15487f230693c"}
}
