TN:
SF:src\config.js
FNF:0
FNH:0
DA:1,2
DA:3,2
DA:4,2
DA:5,2
DA:7,2
LF:5
LH:5
BRDA:3,0,0,2
BRDA:3,0,1,2
BRDA:4,1,0,2
BRDA:4,1,1,2
BRDA:5,2,0,2
BRDA:5,2,1,0
BRF:6
BRH:5
end_of_record
TN:
SF:src\repository\ticketDAO.js
FN:26,(anonymous_0)
FN:46,(anonymous_1)
FN:78,(anonymous_2)
FN:105,(anonymous_3)
FNF:4
FNH:3
FNDA:2,(anonymous_0)
FNDA:2,(anonymous_1)
FNDA:2,(anonymous_2)
FNDA:0,(anonymous_3)
DA:1,1
DA:10,1
DA:11,1
DA:13,1
DA:15,1
DA:23,1
DA:24,1
DA:26,1
DA:27,2
DA:37,2
DA:38,2
DA:39,2
DA:41,0
DA:42,0
DA:46,1
DA:47,2
DA:69,2
DA:70,2
DA:71,2
DA:73,0
DA:74,0
DA:78,1
DA:79,2
DA:96,2
DA:97,2
DA:98,2
DA:100,0
DA:101,0
DA:105,1
DA:106,0
DA:114,0
DA:115,0
DA:116,0
DA:118,0
DA:119,0
DA:124,1
LF:36
LH:24
BRF:0
BRH:0
end_of_record
TN:
SF:src\repository\userDAO.js
FN:26,(anonymous_0)
FN:39,(anonymous_1)
FN:54,(anonymous_2)
FN:71,(anonymous_3)
FN:88,(anonymous_4)
FNF:5
FNH:4
FNDA:0,(anonymous_0)
FNDA:2,(anonymous_1)
FNDA:35,(anonymous_2)
FNDA:2,(anonymous_3)
FNDA:2,(anonymous_4)
DA:1,2
DA:10,2
DA:11,2
DA:13,2
DA:15,2
DA:23,2
DA:24,2
DA:26,2
DA:27,0
DA:31,0
DA:32,0
DA:33,0
DA:35,0
DA:39,2
DA:40,2
DA:45,2
DA:46,2
DA:47,2
DA:49,0
DA:50,0
DA:54,2
DA:55,35
DA:62,35
DA:63,35
DA:64,35
DA:66,0
DA:67,0
DA:71,2
DA:72,2
DA:79,2
DA:80,2
DA:81,2
DA:83,0
DA:84,0
DA:88,2
DA:89,2
DA:96,2
DA:97,2
DA:100,2
LF:39
LH:28
BRF:0
BRH:0
end_of_record
TN:
SF:src\service\authService.js
FN:10,(anonymous_0)
FN:15,(anonymous_1)
FN:43,validateRegister
FN:46,(anonymous_3)
FN:53,(anonymous_4)
FN:76,validateLogin
FN:79,(anonymous_6)
FN:88,(anonymous_7)
FN:92,(anonymous_8)
FN:97,(anonymous_9)
FN:102,(anonymous_10)
FNF:11
FNH:9
FNDA:0,(anonymous_0)
FNDA:7,(anonymous_1)
FNDA:7,validateRegister
FNDA:4,(anonymous_3)
FNDA:24,(anonymous_4)
FNDA:24,validateLogin
FNDA:2,(anonymous_6)
FNDA:0,(anonymous_7)
FNDA:35,(anonymous_8)
FNDA:2,(anonymous_9)
FNDA:2,(anonymous_10)
DA:1,2
DA:2,2
DA:3,2
DA:4,2
DA:5,2
DA:6,2
DA:7,2
DA:8,2
DA:10,2
DA:11,0
DA:12,0
DA:15,2
DA:16,7
DA:17,7
DA:18,7
DA:19,7
DA:21,7
DA:22,7
DA:24,3
DA:25,3
DA:27,2
DA:29,2
DA:39,2
DA:44,7
DA:45,7
DA:46,4
DA:47,4
DA:48,4
DA:50,3
DA:53,2
DA:54,24
DA:55,24
DA:57,22
DA:58,22
DA:60,21
DA:61,21
DA:63,20
DA:77,24
DA:78,24
DA:79,2
DA:80,2
DA:81,2
DA:84,22
DA:88,2
DA:89,0
DA:92,2
DA:93,35
DA:94,35
DA:97,2
DA:98,2
DA:99,2
DA:102,2
DA:103,2
DA:104,2
DA:105,2
DA:106,2
DA:109,0
DA:111,2
LF:58
LH:54
BRDA:18,0,0,7
BRDA:18,0,1,7
BRDA:22,1,0,4
BRDA:22,1,1,3
BRDA:25,2,0,1
BRDA:25,2,1,2
BRDA:45,3,0,4
BRDA:45,3,1,3
BRDA:55,4,0,2
BRDA:55,4,1,22
BRDA:58,5,0,1
BRDA:58,5,1,21
BRDA:61,6,0,1
BRDA:61,6,1,20
BRDA:78,7,0,2
BRDA:78,7,1,22
BRDA:89,8,0,0
BRDA:89,8,1,0
BRDA:94,9,0,31
BRDA:94,9,1,4
BRDA:99,10,0,2
BRDA:99,10,1,0
BRDA:104,11,0,2
BRDA:104,11,1,0
BRF:24
BRH:20
end_of_record
TN:
SF:src\service\ticketService.js
FN:22,(anonymous_0)
FN:35,validateViewTicket
FN:38,(anonymous_2)
FN:45,(anonymous_3)
FN:56,validateRole
FN:59,(anonymous_5)
FN:66,getAllTickets
FN:68,(anonymous_7)
FN:70,(anonymous_8)
FN:86,(anonymous_9)
FN:116,validateTicket
FN:119,(anonymous_11)
FN:126,(anonymous_12)
FN:151,validateStatus
FN:154,(anonymous_14)
FN:161,statusChanged
FNF:16
FNH:13
FNDA:3,(anonymous_0)
FNDA:3,validateViewTicket
FNDA:1,(anonymous_2)
FNDA:3,(anonymous_3)
FNDA:3,validateRole
FNDA:4,(anonymous_5)
FNDA:0,getAllTickets
FNDA:0,(anonymous_7)
FNDA:0,(anonymous_8)
FNDA:6,(anonymous_9)
FNDA:6,validateTicket
FNDA:5,(anonymous_11)
FNDA:6,(anonymous_12)
FNDA:6,validateStatus
FNDA:1,(anonymous_14)
FNDA:3,statusChanged
DA:1,1
DA:2,1
DA:3,1
DA:4,1
DA:5,1
DA:6,1
DA:7,1
DA:8,1
DA:9,1
DA:22,1
DA:23,3
DA:24,3
DA:26,2
DA:28,2
DA:30,1
DA:32,1
DA:36,3
DA:37,3
DA:38,1
DA:39,1
DA:40,1
DA:42,2
DA:45,1
DA:46,3
DA:47,3
DA:49,0
DA:50,0
DA:52,0
DA:53,0
DA:57,3
DA:58,3
DA:59,4
DA:60,3
DA:61,3
DA:63,0
DA:67,0
DA:68,0
DA:69,0
DA:70,0
DA:71,0
DA:72,0
DA:83,0
DA:86,1
DA:88,6
DA:89,6
DA:91,2
DA:92,2
DA:94,2
DA:96,2
DA:104,2
DA:105,2
DA:106,2
DA:107,2
DA:109,2
DA:112,0
DA:117,6
DA:118,6
DA:119,5
DA:120,4
DA:121,4
DA:123,2
DA:126,1
DA:128,6
DA:129,6
DA:131,5
DA:133,5
DA:134,4
DA:136,3
DA:138,3
DA:140,2
DA:142,2
DA:143,2
DA:144,2
DA:147,0
DA:152,6
DA:153,6
DA:154,1
DA:155,1
DA:156,1
DA:158,5
DA:162,3
DA:163,2
DA:166,1
LF:83
LH:69
BRDA:24,0,0,1
BRDA:24,0,1,2
BRDA:28,1,0,1
BRDA:28,1,1,1
BRDA:28,2,0,2
BRDA:28,2,1,2
BRDA:37,3,0,1
BRDA:37,3,1,2
BRDA:47,4,0,3
BRDA:47,4,1,0
BRDA:52,5,0,0
BRDA:52,5,1,0
BRDA:58,6,0,3
BRDA:58,6,1,0
BRDA:69,7,0,0
BRDA:69,7,1,0
BRDA:71,8,0,0
BRDA:71,8,1,0
BRDA:89,9,0,4
BRDA:89,9,1,2
BRDA:104,10,0,2
BRDA:104,10,1,0
BRDA:107,11,0,2
BRDA:107,11,1,0
BRDA:118,12,0,4
BRDA:118,12,1,2
BRDA:129,13,0,1
BRDA:129,13,1,5
BRDA:133,14,0,1
BRDA:133,14,1,4
BRDA:134,15,0,1
BRDA:134,15,1,3
BRDA:134,16,0,4
BRDA:134,16,1,3
BRDA:138,17,0,1
BRDA:138,17,1,2
BRDA:142,18,0,2
BRDA:142,18,1,0
BRDA:153,19,0,1
BRDA:153,19,1,5
BRDA:162,20,0,1
BRDA:162,20,1,2
BRF:42
BRH:31
end_of_record
TN:
SF:src\util\logger.js
FN:7,(anonymous_0)
FNF:1
FNH:1
FNDA:15,(anonymous_0)
DA:1,2
DA:3,2
DA:8,15
DA:17,2
LF:4
LH:4
BRF:0
BRH:0
end_of_record
