TN:
SF:src\config.js
FNF:0
FNH:0
DA:1,2
DA:3,2
DA:4,2
DA:5,2
DA:7,2
LF:5
LH:5
BRDA:3,0,0,2
BRDA:3,0,1,2
BRDA:4,1,0,2
BRDA:4,1,1,2
BRDA:5,2,0,2
BRDA:5,2,1,0
BRF:6
BRH:5
end_of_record
TN:
SF:src\repository\ticketDAO.js
FN:22,(anonymous_0)
FN:42,(anonymous_1)
FN:74,(anonymous_2)
FN:101,(anonymous_3)
FNF:4
FNH:3
FNDA:2,(anonymous_0)
FNDA:2,(anonymous_1)
FNDA:2,(anonymous_2)
FNDA:0,(anonymous_3)
DA:1,1
DA:6,1
DA:7,1
DA:9,1
DA:11,1
DA:19,1
DA:20,1
DA:22,1
DA:23,2
DA:33,2
DA:34,2
DA:35,2
DA:37,0
DA:38,0
DA:42,1
DA:43,2
DA:65,2
DA:66,2
DA:67,2
DA:69,0
DA:70,0
DA:74,1
DA:75,2
DA:92,2
DA:93,2
DA:94,2
DA:96,0
DA:97,0
DA:101,1
DA:102,0
DA:110,0
DA:111,0
DA:112,0
DA:114,0
DA:115,0
DA:120,1
LF:36
LH:24
BRF:0
BRH:0
end_of_record
TN:
SF:src\repository\userDAO.js
FN:24,(anonymous_0)
FN:39,(anonymous_1)
FN:56,(anonymous_2)
FN:73,(anonymous_3)
FNF:4
FNH:4
FNDA:2,(anonymous_0)
FNDA:35,(anonymous_1)
FNDA:2,(anonymous_2)
FNDA:2,(anonymous_3)
DA:1,2
DA:8,2
DA:9,2
DA:11,2
DA:13,2
DA:21,2
DA:22,2
DA:24,2
DA:25,2
DA:30,2
DA:31,2
DA:32,2
DA:34,0
DA:35,0
DA:39,2
DA:40,35
DA:47,35
DA:48,35
DA:49,35
DA:51,0
DA:52,0
DA:56,2
DA:57,2
DA:64,2
DA:65,2
DA:66,2
DA:68,0
DA:69,0
DA:73,2
DA:74,2
DA:81,2
DA:82,2
DA:85,2
LF:33
LH:27
BRF:0
BRH:0
end_of_record
TN:
SF:src\service\authService.js
FN:11,(anonymous_0)
FN:39,validateRegister
FN:42,(anonymous_2)
FN:49,(anonymous_3)
FN:72,validateLogin
FN:75,(anonymous_5)
FN:84,(anonymous_6)
FN:88,(anonymous_7)
FN:93,(anonymous_8)
FN:98,(anonymous_9)
FNF:10
FNH:9
FNDA:7,(anonymous_0)
FNDA:7,validateRegister
FNDA:4,(anonymous_2)
FNDA:24,(anonymous_3)
FNDA:24,validateLogin
FNDA:2,(anonymous_5)
FNDA:0,(anonymous_6)
FNDA:35,(anonymous_7)
FNDA:2,(anonymous_8)
FNDA:2,(anonymous_9)
DA:1,2
DA:2,2
DA:3,2
DA:5,2
DA:6,2
DA:7,2
DA:8,2
DA:9,2
DA:11,2
DA:12,7
DA:13,7
DA:14,7
DA:15,7
DA:17,7
DA:18,7
DA:20,3
DA:21,3
DA:23,2
DA:25,2
DA:35,2
DA:40,7
DA:41,7
DA:42,4
DA:43,4
DA:44,4
DA:46,3
DA:49,2
DA:50,24
DA:51,24
DA:53,22
DA:54,22
DA:56,21
DA:57,21
DA:59,20
DA:73,24
DA:74,24
DA:75,2
DA:76,2
DA:77,2
DA:80,22
DA:84,2
DA:85,0
DA:88,2
DA:89,35
DA:90,35
DA:93,2
DA:94,2
DA:95,2
DA:98,2
DA:99,2
DA:100,2
DA:101,2
DA:102,2
DA:105,0
DA:108,2
LF:55
LH:53
BRDA:14,0,0,7
BRDA:14,0,1,7
BRDA:18,1,0,4
BRDA:18,1,1,3
BRDA:21,2,0,1
BRDA:21,2,1,2
BRDA:41,3,0,4
BRDA:41,3,1,3
BRDA:51,4,0,2
BRDA:51,4,1,22
BRDA:54,5,0,1
BRDA:54,5,1,21
BRDA:57,6,0,1
BRDA:57,6,1,20
BRDA:74,7,0,2
BRDA:74,7,1,22
BRDA:85,8,0,0
BRDA:85,8,1,0
BRDA:90,9,0,31
BRDA:90,9,1,4
BRDA:95,10,0,2
BRDA:95,10,1,0
BRDA:100,11,0,2
BRDA:100,11,1,0
BRF:24
BRH:20
end_of_record
TN:
SF:src\service\ticketService.js
FN:12,(anonymous_0)
FN:25,validateViewTicket
FN:28,(anonymous_2)
FN:35,(anonymous_3)
FN:46,validateRole
FN:49,(anonymous_5)
FN:56,getAllTickets
FN:58,(anonymous_7)
FN:60,(anonymous_8)
FN:76,(anonymous_9)
FN:106,validateTicket
FN:109,(anonymous_11)
FN:116,(anonymous_12)
FN:141,validateStatus
FN:144,(anonymous_14)
FN:151,statusChanged
FNF:16
FNH:13
FNDA:3,(anonymous_0)
FNDA:3,validateViewTicket
FNDA:1,(anonymous_2)
FNDA:3,(anonymous_3)
FNDA:3,validateRole
FNDA:4,(anonymous_5)
FNDA:0,getAllTickets
FNDA:0,(anonymous_7)
FNDA:0,(anonymous_8)
FNDA:6,(anonymous_9)
FNDA:6,validateTicket
FNDA:5,(anonymous_11)
FNDA:6,(anonymous_12)
FNDA:6,validateStatus
FNDA:1,(anonymous_14)
FNDA:3,statusChanged
DA:1,1
DA:2,1
DA:4,1
DA:5,1
DA:6,1
DA:7,1
DA:8,1
DA:9,1
DA:10,1
DA:12,1
DA:13,3
DA:14,3
DA:16,2
DA:18,2
DA:20,1
DA:22,1
DA:26,3
DA:27,3
DA:28,1
DA:29,1
DA:30,1
DA:32,2
DA:35,1
DA:36,3
DA:37,3
DA:39,0
DA:40,0
DA:42,0
DA:43,0
DA:47,3
DA:48,3
DA:49,4
DA:50,3
DA:51,3
DA:53,0
DA:57,0
DA:58,0
DA:59,0
DA:60,0
DA:61,0
DA:62,0
DA:73,0
DA:76,1
DA:78,6
DA:79,6
DA:81,2
DA:82,2
DA:84,2
DA:86,2
DA:94,2
DA:95,2
DA:96,2
DA:97,2
DA:99,2
DA:102,0
DA:107,6
DA:108,6
DA:109,5
DA:110,4
DA:111,4
DA:113,2
DA:116,1
DA:118,6
DA:119,6
DA:121,5
DA:123,5
DA:124,4
DA:126,3
DA:128,3
DA:130,2
DA:132,2
DA:133,2
DA:134,2
DA:137,0
DA:142,6
DA:143,6
DA:144,1
DA:145,1
DA:146,1
DA:148,5
DA:152,3
DA:153,2
DA:156,1
LF:83
LH:69
BRDA:14,0,0,1
BRDA:14,0,1,2
BRDA:18,1,0,1
BRDA:18,1,1,1
BRDA:18,2,0,2
BRDA:18,2,1,2
BRDA:27,3,0,1
BRDA:27,3,1,2
BRDA:37,4,0,3
BRDA:37,4,1,0
BRDA:42,5,0,0
BRDA:42,5,1,0
BRDA:48,6,0,3
BRDA:48,6,1,0
BRDA:59,7,0,0
BRDA:59,7,1,0
BRDA:61,8,0,0
BRDA:61,8,1,0
BRDA:79,9,0,4
BRDA:79,9,1,2
BRDA:94,10,0,2
BRDA:94,10,1,0
BRDA:97,11,0,2
BRDA:97,11,1,0
BRDA:108,12,0,4
BRDA:108,12,1,2
BRDA:119,13,0,1
BRDA:119,13,1,5
BRDA:123,14,0,1
BRDA:123,14,1,4
BRDA:124,15,0,1
BRDA:124,15,1,3
BRDA:124,16,0,4
BRDA:124,16,1,3
BRDA:128,17,0,1
BRDA:128,17,1,2
BRDA:132,18,0,2
BRDA:132,18,1,0
BRDA:143,19,0,1
BRDA:143,19,1,5
BRDA:152,20,0,1
BRDA:152,20,1,2
BRF:42
BRH:31
end_of_record
TN:
SF:src\util\logger.js
FN:7,(anonymous_0)
FNF:1
FNH:1
FNDA:15,(anonymous_0)
DA:1,2
DA:3,2
DA:8,15
DA:16,2
LF:4
LH:4
BRF:0
BRH:0
end_of_record
